The system is: Linux - 5.15.0-52-generic - x86_64
Compiling the CXX compiler identification source file "CMakeCXXCompilerId.cpp" succeeded.
Compiler: /usr/bin/c++ 
Build flags: 
Id flags:  

The output was:
0


Compilation of the CXX compiler identification source "CMakeCXXCompilerId.cpp" produced "a.out"

The CXX compiler identification is GNU, found in "/home/kalind/Documents/GitHub/CS773_Comp_Arch_Perf_Sec/course_content/project/sc2020-main-solvers/cryptominisat-ccnr/cms/build/CMakeFiles/3.12.0/CompilerIdCXX/a.out"

Determining if the CXX compiler works passed with the following output:
Change Dir: /home/kalind/Documents/GitHub/CS773_Comp_Arch_Perf_Sec/course_content/project/sc2020-main-solvers/cryptominisat-ccnr/cms/build/CMakeFiles/CMakeTmp

Run Build Command:"/usr/bin/make" "cmTC_d34d6/fast"
/usr/bin/make -f CMakeFiles/cmTC_d34d6.dir/build.make CMakeFiles/cmTC_d34d6.dir/build
make[1]: Entering directory '/home/kalind/Documents/GitHub/CS773_Comp_Arch_Perf_Sec/course_content/project/sc2020-main-solvers/cryptominisat-ccnr/cms/build/CMakeFiles/CMakeTmp'
Building CXX object CMakeFiles/cmTC_d34d6.dir/testCXXCompiler.cxx.o
/usr/bin/c++     -o CMakeFiles/cmTC_d34d6.dir/testCXXCompiler.cxx.o -c /home/kalind/Documents/GitHub/CS773_Comp_Arch_Perf_Sec/course_content/project/sc2020-main-solvers/cryptominisat-ccnr/cms/build/CMakeFiles/CMakeTmp/testCXXCompiler.cxx
Linking CXX executable cmTC_d34d6
/home/kalind/Documents/GitHub/CS773_Comp_Arch_Perf_Sec/course_content/project/sc2020-main-solvers/cryptominisat-ccnr/cmake-3.12.0/bin/cmake -E cmake_link_script CMakeFiles/cmTC_d34d6.dir/link.txt --verbose=1
/usr/bin/c++       -rdynamic CMakeFiles/cmTC_d34d6.dir/testCXXCompiler.cxx.o  -o cmTC_d34d6 
make[1]: Leaving directory '/home/kalind/Documents/GitHub/CS773_Comp_Arch_Perf_Sec/course_content/project/sc2020-main-solvers/cryptominisat-ccnr/cms/build/CMakeFiles/CMakeTmp'


Detecting CXX compiler ABI info compiled with the following output:
Change Dir: /home/kalind/Documents/GitHub/CS773_Comp_Arch_Perf_Sec/course_content/project/sc2020-main-solvers/cryptominisat-ccnr/cms/build/CMakeFiles/CMakeTmp

Run Build Command:"/usr/bin/make" "cmTC_51994/fast"
/usr/bin/make -f CMakeFiles/cmTC_51994.dir/build.make CMakeFiles/cmTC_51994.dir/build
make[1]: Entering directory '/home/kalind/Documents/GitHub/CS773_Comp_Arch_Perf_Sec/course_content/project/sc2020-main-solvers/cryptominisat-ccnr/cms/build/CMakeFiles/CMakeTmp'
Building CXX object CMakeFiles/cmTC_51994.dir/CMakeCXXCompilerABI.cpp.o
/usr/bin/c++     -o CMakeFiles/cmTC_51994.dir/CMakeCXXCompilerABI.cpp.o -c /home/kalind/Documents/GitHub/CS773_Comp_Arch_Perf_Sec/course_content/project/sc2020-main-solvers/cryptominisat-ccnr/cmake-3.12.0/Modules/CMakeCXXCompilerABI.cpp
Linking CXX executable cmTC_51994
/home/kalind/Documents/GitHub/CS773_Comp_Arch_Perf_Sec/course_content/project/sc2020-main-solvers/cryptominisat-ccnr/cmake-3.12.0/bin/cmake -E cmake_link_script CMakeFiles/cmTC_51994.dir/link.txt --verbose=1
/usr/bin/c++      -v -rdynamic CMakeFiles/cmTC_51994.dir/CMakeCXXCompilerABI.cpp.o  -o cmTC_51994 
Using built-in specs.
COLLECT_GCC=/usr/bin/c++
COLLECT_LTO_WRAPPER=/usr/lib/gcc/x86_64-linux-gnu/9/lto-wrapper
OFFLOAD_TARGET_NAMES=nvptx-none:hsa
OFFLOAD_TARGET_DEFAULT=1
Target: x86_64-linux-gnu
Configured with: ../src/configure -v --with-pkgversion='Ubuntu 9.4.0-1ubuntu1~20.04.1' --with-bugurl=file:///usr/share/doc/gcc-9/README.Bugs --enable-languages=c,ada,c++,go,brig,d,fortran,objc,obj-c++,gm2 --prefix=/usr --with-gcc-major-version-only --program-suffix=-9 --program-prefix=x86_64-linux-gnu- --enable-shared --enable-linker-build-id --libexecdir=/usr/lib --without-included-gettext --enable-threads=posix --libdir=/usr/lib --enable-nls --enable-clocale=gnu --enable-libstdcxx-debug --enable-libstdcxx-time=yes --with-default-libstdcxx-abi=new --enable-gnu-unique-object --disable-vtable-verify --enable-plugin --enable-default-pie --with-system-zlib --with-target-system-zlib=auto --enable-objc-gc=auto --enable-multiarch --disable-werror --with-arch-32=i686 --with-abi=m64 --with-multilib-list=m32,m64,mx32 --enable-multilib --with-tune=generic --enable-offload-targets=nvptx-none=/build/gcc-9-Av3uEd/gcc-9-9.4.0/debian/tmp-nvptx/usr,hsa --without-cuda-driver --enable-checking=release --build=x86_64-linux-gnu --host=x86_64-linux-gnu --target=x86_64-linux-gnu
Thread model: posix
gcc version 9.4.0 (Ubuntu 9.4.0-1ubuntu1~20.04.1) 
COMPILER_PATH=/usr/lib/gcc/x86_64-linux-gnu/9/:/usr/lib/gcc/x86_64-linux-gnu/9/:/usr/lib/gcc/x86_64-linux-gnu/:/usr/lib/gcc/x86_64-linux-gnu/9/:/usr/lib/gcc/x86_64-linux-gnu/
LIBRARY_PATH=/usr/lib/gcc/x86_64-linux-gnu/9/:/usr/lib/gcc/x86_64-linux-gnu/9/../../../x86_64-linux-gnu/:/usr/lib/gcc/x86_64-linux-gnu/9/../../../../lib/:/lib/x86_64-linux-gnu/:/lib/../lib/:/usr/lib/x86_64-linux-gnu/:/usr/lib/../lib/:/usr/lib/gcc/x86_64-linux-gnu/9/../../../:/lib/:/usr/lib/
COLLECT_GCC_OPTIONS='-v' '-rdynamic' '-o' 'cmTC_51994' '-shared-libgcc' '-mtune=generic' '-march=x86-64'
 /usr/lib/gcc/x86_64-linux-gnu/9/collect2 -plugin /usr/lib/gcc/x86_64-linux-gnu/9/liblto_plugin.so -plugin-opt=/usr/lib/gcc/x86_64-linux-gnu/9/lto-wrapper -plugin-opt=-fresolution=/tmp/ccvQkvhW.res -plugin-opt=-pass-through=-lgcc_s -plugin-opt=-pass-through=-lgcc -plugin-opt=-pass-through=-lc -plugin-opt=-pass-through=-lgcc_s -plugin-opt=-pass-through=-lgcc --build-id --eh-frame-hdr -m elf_x86_64 --hash-style=gnu --as-needed -export-dynamic -dynamic-linker /lib64/ld-linux-x86-64.so.2 -pie -z now -z relro -o cmTC_51994 /usr/lib/gcc/x86_64-linux-gnu/9/../../../x86_64-linux-gnu/Scrt1.o /usr/lib/gcc/x86_64-linux-gnu/9/../../../x86_64-linux-gnu/crti.o /usr/lib/gcc/x86_64-linux-gnu/9/crtbeginS.o -L/usr/lib/gcc/x86_64-linux-gnu/9 -L/usr/lib/gcc/x86_64-linux-gnu/9/../../../x86_64-linux-gnu -L/usr/lib/gcc/x86_64-linux-gnu/9/../../../../lib -L/lib/x86_64-linux-gnu -L/lib/../lib -L/usr/lib/x86_64-linux-gnu -L/usr/lib/../lib -L/usr/lib/gcc/x86_64-linux-gnu/9/../../.. CMakeFiles/cmTC_51994.dir/CMakeCXXCompilerABI.cpp.o -lstdc++ -lm -lgcc_s -lgcc -lc -lgcc_s -lgcc /usr/lib/gcc/x86_64-linux-gnu/9/crtendS.o /usr/lib/gcc/x86_64-linux-gnu/9/../../../x86_64-linux-gnu/crtn.o
COLLECT_GCC_OPTIONS='-v' '-rdynamic' '-o' 'cmTC_51994' '-shared-libgcc' '-mtune=generic' '-march=x86-64'
make[1]: Leaving directory '/home/kalind/Documents/GitHub/CS773_Comp_Arch_Perf_Sec/course_content/project/sc2020-main-solvers/cryptominisat-ccnr/cms/build/CMakeFiles/CMakeTmp'


Parsed CXX implicit link information from above output:
  link line regex: [^( *|.*[/\])(ld|CMAKE_LINK_STARTFILE-NOTFOUND|([^/\]+-)?ld|collect2)[^/\]*( |$)]
  ignore line: [Change Dir: /home/kalind/Documents/GitHub/CS773_Comp_Arch_Perf_Sec/course_content/project/sc2020-main-solvers/cryptominisat-ccnr/cms/build/CMakeFiles/CMakeTmp]
  ignore line: []
  ignore line: [Run Build Command:"/usr/bin/make" "cmTC_51994/fast"]
  ignore line: [/usr/bin/make -f CMakeFiles/cmTC_51994.dir/build.make CMakeFiles/cmTC_51994.dir/build]
  ignore line: [make[1]: Entering directory '/home/kalind/Documents/GitHub/CS773_Comp_Arch_Perf_Sec/course_content/project/sc2020-main-solvers/cryptominisat-ccnr/cms/build/CMakeFiles/CMakeTmp']
  ignore line: [Building CXX object CMakeFiles/cmTC_51994.dir/CMakeCXXCompilerABI.cpp.o]
  ignore line: [/usr/bin/c++     -o CMakeFiles/cmTC_51994.dir/CMakeCXXCompilerABI.cpp.o -c /home/kalind/Documents/GitHub/CS773_Comp_Arch_Perf_Sec/course_content/project/sc2020-main-solvers/cryptominisat-ccnr/cmake-3.12.0/Modules/CMakeCXXCompilerABI.cpp]
  ignore line: [Linking CXX executable cmTC_51994]
  ignore line: [/home/kalind/Documents/GitHub/CS773_Comp_Arch_Perf_Sec/course_content/project/sc2020-main-solvers/cryptominisat-ccnr/cmake-3.12.0/bin/cmake -E cmake_link_script CMakeFiles/cmTC_51994.dir/link.txt --verbose=1]
  ignore line: [/usr/bin/c++      -v -rdynamic CMakeFiles/cmTC_51994.dir/CMakeCXXCompilerABI.cpp.o  -o cmTC_51994 ]
  ignore line: [Using built-in specs.]
  ignore line: [COLLECT_GCC=/usr/bin/c++]
  ignore line: [COLLECT_LTO_WRAPPER=/usr/lib/gcc/x86_64-linux-gnu/9/lto-wrapper]
  ignore line: [OFFLOAD_TARGET_NAMES=nvptx-none:hsa]
  ignore line: [OFFLOAD_TARGET_DEFAULT=1]
  ignore line: [Target: x86_64-linux-gnu]
  ignore line: [Configured with: ../src/configure -v --with-pkgversion='Ubuntu 9.4.0-1ubuntu1~20.04.1' --with-bugurl=file:///usr/share/doc/gcc-9/README.Bugs --enable-languages=c,ada,c++,go,brig,d,fortran,objc,obj-c++,gm2 --prefix=/usr --with-gcc-major-version-only --program-suffix=-9 --program-prefix=x86_64-linux-gnu- --enable-shared --enable-linker-build-id --libexecdir=/usr/lib --without-included-gettext --enable-threads=posix --libdir=/usr/lib --enable-nls --enable-clocale=gnu --enable-libstdcxx-debug --enable-libstdcxx-time=yes --with-default-libstdcxx-abi=new --enable-gnu-unique-object --disable-vtable-verify --enable-plugin --enable-default-pie --with-system-zlib --with-target-system-zlib=auto --enable-objc-gc=auto --enable-multiarch --disable-werror --with-arch-32=i686 --with-abi=m64 --with-multilib-list=m32,m64,mx32 --enable-multilib --with-tune=generic --enable-offload-targets=nvptx-none=/build/gcc-9-Av3uEd/gcc-9-9.4.0/debian/tmp-nvptx/usr,hsa --without-cuda-driver --enable-checking=release --build=x86_64-linux-gnu --host=x86_64-linux-gnu --target=x86_64-linux-gnu]
  ignore line: [Thread model: posix]
  ignore line: [gcc version 9.4.0 (Ubuntu 9.4.0-1ubuntu1~20.04.1) ]
  ignore line: [COMPILER_PATH=/usr/lib/gcc/x86_64-linux-gnu/9/:/usr/lib/gcc/x86_64-linux-gnu/9/:/usr/lib/gcc/x86_64-linux-gnu/:/usr/lib/gcc/x86_64-linux-gnu/9/:/usr/lib/gcc/x86_64-linux-gnu/]
  ignore line: [LIBRARY_PATH=/usr/lib/gcc/x86_64-linux-gnu/9/:/usr/lib/gcc/x86_64-linux-gnu/9/../../../x86_64-linux-gnu/:/usr/lib/gcc/x86_64-linux-gnu/9/../../../../lib/:/lib/x86_64-linux-gnu/:/lib/../lib/:/usr/lib/x86_64-linux-gnu/:/usr/lib/../lib/:/usr/lib/gcc/x86_64-linux-gnu/9/../../../:/lib/:/usr/lib/]
  ignore line: [COLLECT_GCC_OPTIONS='-v' '-rdynamic' '-o' 'cmTC_51994' '-shared-libgcc' '-mtune=generic' '-march=x86-64']
  link line: [ /usr/lib/gcc/x86_64-linux-gnu/9/collect2 -plugin /usr/lib/gcc/x86_64-linux-gnu/9/liblto_plugin.so -plugin-opt=/usr/lib/gcc/x86_64-linux-gnu/9/lto-wrapper -plugin-opt=-fresolution=/tmp/ccvQkvhW.res -plugin-opt=-pass-through=-lgcc_s -plugin-opt=-pass-through=-lgcc -plugin-opt=-pass-through=-lc -plugin-opt=-pass-through=-lgcc_s -plugin-opt=-pass-through=-lgcc --build-id --eh-frame-hdr -m elf_x86_64 --hash-style=gnu --as-needed -export-dynamic -dynamic-linker /lib64/ld-linux-x86-64.so.2 -pie -z now -z relro -o cmTC_51994 /usr/lib/gcc/x86_64-linux-gnu/9/../../../x86_64-linux-gnu/Scrt1.o /usr/lib/gcc/x86_64-linux-gnu/9/../../../x86_64-linux-gnu/crti.o /usr/lib/gcc/x86_64-linux-gnu/9/crtbeginS.o -L/usr/lib/gcc/x86_64-linux-gnu/9 -L/usr/lib/gcc/x86_64-linux-gnu/9/../../../x86_64-linux-gnu -L/usr/lib/gcc/x86_64-linux-gnu/9/../../../../lib -L/lib/x86_64-linux-gnu -L/lib/../lib -L/usr/lib/x86_64-linux-gnu -L/usr/lib/../lib -L/usr/lib/gcc/x86_64-linux-gnu/9/../../.. CMakeFiles/cmTC_51994.dir/CMakeCXXCompilerABI.cpp.o -lstdc++ -lm -lgcc_s -lgcc -lc -lgcc_s -lgcc /usr/lib/gcc/x86_64-linux-gnu/9/crtendS.o /usr/lib/gcc/x86_64-linux-gnu/9/../../../x86_64-linux-gnu/crtn.o]
    arg [/usr/lib/gcc/x86_64-linux-gnu/9/collect2] ==> ignore
    arg [-plugin] ==> ignore
    arg [/usr/lib/gcc/x86_64-linux-gnu/9/liblto_plugin.so] ==> ignore
    arg [-plugin-opt=/usr/lib/gcc/x86_64-linux-gnu/9/lto-wrapper] ==> ignore
    arg [-plugin-opt=-fresolution=/tmp/ccvQkvhW.res] ==> ignore
    arg [-plugin-opt=-pass-through=-lgcc_s] ==> ignore
    arg [-plugin-opt=-pass-through=-lgcc] ==> ignore
    arg [-plugin-opt=-pass-through=-lc] ==> ignore
    arg [-plugin-opt=-pass-through=-lgcc_s] ==> ignore
    arg [-plugin-opt=-pass-through=-lgcc] ==> ignore
    arg [--build-id] ==> ignore
    arg [--eh-frame-hdr] ==> ignore
    arg [-m] ==> ignore
    arg [elf_x86_64] ==> ignore
    arg [--hash-style=gnu] ==> ignore
    arg [--as-needed] ==> ignore
    arg [-export-dynamic] ==> ignore
    arg [-dynamic-linker] ==> ignore
    arg [/lib64/ld-linux-x86-64.so.2] ==> ignore
    arg [-pie] ==> ignore
    arg [-znow] ==> ignore
    arg [-zrelro] ==> ignore
    arg [-o] ==> ignore
    arg [cmTC_51994] ==> ignore
    arg [/usr/lib/gcc/x86_64-linux-gnu/9/../../../x86_64-linux-gnu/Scrt1.o] ==> ignore
    arg [/usr/lib/gcc/x86_64-linux-gnu/9/../../../x86_64-linux-gnu/crti.o] ==> ignore
    arg [/usr/lib/gcc/x86_64-linux-gnu/9/crtbeginS.o] ==> ignore
    arg [-L/usr/lib/gcc/x86_64-linux-gnu/9] ==> dir [/usr/lib/gcc/x86_64-linux-gnu/9]
    arg [-L/usr/lib/gcc/x86_64-linux-gnu/9/../../../x86_64-linux-gnu] ==> dir [/usr/lib/gcc/x86_64-linux-gnu/9/../../../x86_64-linux-gnu]
    arg [-L/usr/lib/gcc/x86_64-linux-gnu/9/../../../../lib] ==> dir [/usr/lib/gcc/x86_64-linux-gnu/9/../../../../lib]
    arg [-L/lib/x86_64-linux-gnu] ==> dir [/lib/x86_64-linux-gnu]
    arg [-L/lib/../lib] ==> dir [/lib/../lib]
    arg [-L/usr/lib/x86_64-linux-gnu] ==> dir [/usr/lib/x86_64-linux-gnu]
    arg [-L/usr/lib/../lib] ==> dir [/usr/lib/../lib]
    arg [-L/usr/lib/gcc/x86_64-linux-gnu/9/../../..] ==> dir [/usr/lib/gcc/x86_64-linux-gnu/9/../../..]
    arg [CMakeFiles/cmTC_51994.dir/CMakeCXXCompilerABI.cpp.o] ==> ignore
    arg [-lstdc++] ==> lib [stdc++]
    arg [-lm] ==> lib [m]
    arg [-lgcc_s] ==> lib [gcc_s]
    arg [-lgcc] ==> lib [gcc]
    arg [-lc] ==> lib [c]
    arg [-lgcc_s] ==> lib [gcc_s]
    arg [-lgcc] ==> lib [gcc]
    arg [/usr/lib/gcc/x86_64-linux-gnu/9/crtendS.o] ==> ignore
    arg [/usr/lib/gcc/x86_64-linux-gnu/9/../../../x86_64-linux-gnu/crtn.o] ==> ignore
  collapse library dir [/usr/lib/gcc/x86_64-linux-gnu/9] ==> [/usr/lib/gcc/x86_64-linux-gnu/9]
  collapse library dir [/usr/lib/gcc/x86_64-linux-gnu/9/../../../x86_64-linux-gnu] ==> [/usr/lib/x86_64-linux-gnu]
  collapse library dir [/usr/lib/gcc/x86_64-linux-gnu/9/../../../../lib] ==> [/usr/lib]
  collapse library dir [/lib/x86_64-linux-gnu] ==> [/lib/x86_64-linux-gnu]
  collapse library dir [/lib/../lib] ==> [/lib]
  collapse library dir [/usr/lib/x86_64-linux-gnu] ==> [/usr/lib/x86_64-linux-gnu]
  collapse library dir [/usr/lib/../lib] ==> [/usr/lib]
  collapse library dir [/usr/lib/gcc/x86_64-linux-gnu/9/../../..] ==> [/usr/lib]
  implicit libs: [stdc++;m;gcc_s;gcc;c;gcc_s;gcc]
  implicit dirs: [/usr/lib/gcc/x86_64-linux-gnu/9;/usr/lib/x86_64-linux-gnu;/usr/lib;/lib/x86_64-linux-gnu;/lib]
  implicit fwks: []




Detecting CXX [-std=c++2a] compiler features compiled with the following output:
Change Dir: /home/kalind/Documents/GitHub/CS773_Comp_Arch_Perf_Sec/course_content/project/sc2020-main-solvers/cryptominisat-ccnr/cms/build/CMakeFiles/CMakeTmp

Run Build Command:"/usr/bin/make" "cmTC_aa035/fast"
/usr/bin/make -f CMakeFiles/cmTC_aa035.dir/build.make CMakeFiles/cmTC_aa035.dir/build
make[1]: Entering directory '/home/kalind/Documents/GitHub/CS773_Comp_Arch_Perf_Sec/course_content/project/sc2020-main-solvers/cryptominisat-ccnr/cms/build/CMakeFiles/CMakeTmp'
Building CXX object CMakeFiles/cmTC_aa035.dir/feature_tests.cxx.o
/usr/bin/c++    -std=c++2a -o CMakeFiles/cmTC_aa035.dir/feature_tests.cxx.o -c /home/kalind/Documents/GitHub/CS773_Comp_Arch_Perf_Sec/course_content/project/sc2020-main-solvers/cryptominisat-ccnr/cms/build/CMakeFiles/feature_tests.cxx
Linking CXX executable cmTC_aa035
/home/kalind/Documents/GitHub/CS773_Comp_Arch_Perf_Sec/course_content/project/sc2020-main-solvers/cryptominisat-ccnr/cmake-3.12.0/bin/cmake -E cmake_link_script CMakeFiles/cmTC_aa035.dir/link.txt --verbose=1
/usr/bin/c++       -rdynamic CMakeFiles/cmTC_aa035.dir/feature_tests.cxx.o  -o cmTC_aa035 
make[1]: Leaving directory '/home/kalind/Documents/GitHub/CS773_Comp_Arch_Perf_Sec/course_content/project/sc2020-main-solvers/cryptominisat-ccnr/cms/build/CMakeFiles/CMakeTmp'


    Feature record: CXX_FEATURE:1cxx_aggregate_default_initializers
    Feature record: CXX_FEATURE:1cxx_alias_templates
    Feature record: CXX_FEATURE:1cxx_alignas
    Feature record: CXX_FEATURE:1cxx_alignof
    Feature record: CXX_FEATURE:1cxx_attributes
    Feature record: CXX_FEATURE:1cxx_attribute_deprecated
    Feature record: CXX_FEATURE:1cxx_auto_type
    Feature record: CXX_FEATURE:1cxx_binary_literals
    Feature record: CXX_FEATURE:1cxx_constexpr
    Feature record: CXX_FEATURE:1cxx_contextual_conversions
    Feature record: CXX_FEATURE:1cxx_decltype
    Feature record: CXX_FEATURE:1cxx_decltype_auto
    Feature record: CXX_FEATURE:1cxx_decltype_incomplete_return_types
    Feature record: CXX_FEATURE:1cxx_default_function_template_args
    Feature record: CXX_FEATURE:1cxx_defaulted_functions
    Feature record: CXX_FEATURE:1cxx_defaulted_move_initializers
    Feature record: CXX_FEATURE:1cxx_delegating_constructors
    Feature record: CXX_FEATURE:1cxx_deleted_functions
    Feature record: CXX_FEATURE:1cxx_digit_separators
    Feature record: CXX_FEATURE:1cxx_enum_forward_declarations
    Feature record: CXX_FEATURE:1cxx_explicit_conversions
    Feature record: CXX_FEATURE:1cxx_extended_friend_declarations
    Feature record: CXX_FEATURE:1cxx_extern_templates
    Feature record: CXX_FEATURE:1cxx_final
    Feature record: CXX_FEATURE:1cxx_func_identifier
    Feature record: CXX_FEATURE:1cxx_generalized_initializers
    Feature record: CXX_FEATURE:1cxx_generic_lambdas
    Feature record: CXX_FEATURE:1cxx_inheriting_constructors
    Feature record: CXX_FEATURE:1cxx_inline_namespaces
    Feature record: CXX_FEATURE:1cxx_lambdas
    Feature record: CXX_FEATURE:1cxx_lambda_init_captures
    Feature record: CXX_FEATURE:1cxx_local_type_template_args
    Feature record: CXX_FEATURE:1cxx_long_long_type
    Feature record: CXX_FEATURE:1cxx_noexcept
    Feature record: CXX_FEATURE:1cxx_nonstatic_member_init
    Feature record: CXX_FEATURE:1cxx_nullptr
    Feature record: CXX_FEATURE:1cxx_override
    Feature record: CXX_FEATURE:1cxx_range_for
    Feature record: CXX_FEATURE:1cxx_raw_string_literals
    Feature record: CXX_FEATURE:1cxx_reference_qualified_functions
    Feature record: CXX_FEATURE:1cxx_relaxed_constexpr
    Feature record: CXX_FEATURE:1cxx_return_type_deduction
    Feature record: CXX_FEATURE:1cxx_right_angle_brackets
    Feature record: CXX_FEATURE:1cxx_rvalue_references
    Feature record: CXX_FEATURE:1cxx_sizeof_member
    Feature record: CXX_FEATURE:1cxx_static_assert
    Feature record: CXX_FEATURE:1cxx_strong_enums
    Feature record: CXX_FEATURE:1cxx_template_template_parameters
    Feature record: CXX_FEATURE:1cxx_thread_local
    Feature record: CXX_FEATURE:1cxx_trailing_return_types
    Feature record: CXX_FEATURE:1cxx_unicode_literals
    Feature record: CXX_FEATURE:1cxx_uniform_initialization
    Feature record: CXX_FEATURE:1cxx_unrestricted_unions
    Feature record: CXX_FEATURE:1cxx_user_literals
    Feature record: CXX_FEATURE:1cxx_variable_templates
    Feature record: CXX_FEATURE:1cxx_variadic_macros
    Feature record: CXX_FEATURE:1cxx_variadic_templates


Detecting CXX [-std=c++17] compiler features compiled with the following output:
Change Dir: /home/kalind/Documents/GitHub/CS773_Comp_Arch_Perf_Sec/course_content/project/sc2020-main-solvers/cryptominisat-ccnr/cms/build/CMakeFiles/CMakeTmp

Run Build Command:"/usr/bin/make" "cmTC_d5965/fast"
/usr/bin/make -f CMakeFiles/cmTC_d5965.dir/build.make CMakeFiles/cmTC_d5965.dir/build
make[1]: Entering directory '/home/kalind/Documents/GitHub/CS773_Comp_Arch_Perf_Sec/course_content/project/sc2020-main-solvers/cryptominisat-ccnr/cms/build/CMakeFiles/CMakeTmp'
Building CXX object CMakeFiles/cmTC_d5965.dir/feature_tests.cxx.o
/usr/bin/c++    -std=c++17 -o CMakeFiles/cmTC_d5965.dir/feature_tests.cxx.o -c /home/kalind/Documents/GitHub/CS773_Comp_Arch_Perf_Sec/course_content/project/sc2020-main-solvers/cryptominisat-ccnr/cms/build/CMakeFiles/feature_tests.cxx
Linking CXX executable cmTC_d5965
/home/kalind/Documents/GitHub/CS773_Comp_Arch_Perf_Sec/course_content/project/sc2020-main-solvers/cryptominisat-ccnr/cmake-3.12.0/bin/cmake -E cmake_link_script CMakeFiles/cmTC_d5965.dir/link.txt --verbose=1
/usr/bin/c++       -rdynamic CMakeFiles/cmTC_d5965.dir/feature_tests.cxx.o  -o cmTC_d5965 
make[1]: Leaving directory '/home/kalind/Documents/GitHub/CS773_Comp_Arch_Perf_Sec/course_content/project/sc2020-main-solvers/cryptominisat-ccnr/cms/build/CMakeFiles/CMakeTmp'


    Feature record: CXX_FEATURE:1cxx_aggregate_default_initializers
    Feature record: CXX_FEATURE:1cxx_alias_templates
    Feature record: CXX_FEATURE:1cxx_alignas
    Feature record: CXX_FEATURE:1cxx_alignof
    Feature record: CXX_FEATURE:1cxx_attributes
    Feature record: CXX_FEATURE:1cxx_attribute_deprecated
    Feature record: CXX_FEATURE:1cxx_auto_type
    Feature record: CXX_FEATURE:1cxx_binary_literals
    Feature record: CXX_FEATURE:1cxx_constexpr
    Feature record: CXX_FEATURE:1cxx_contextual_conversions
    Feature record: CXX_FEATURE:1cxx_decltype
    Feature record: CXX_FEATURE:1cxx_decltype_auto
    Feature record: CXX_FEATURE:1cxx_decltype_incomplete_return_types
    Feature record: CXX_FEATURE:1cxx_default_function_template_args
    Feature record: CXX_FEATURE:1cxx_defaulted_functions
    Feature record: CXX_FEATURE:1cxx_defaulted_move_initializers
    Feature record: CXX_FEATURE:1cxx_delegating_constructors
    Feature record: CXX_FEATURE:1cxx_deleted_functions
    Feature record: CXX_FEATURE:1cxx_digit_separators
    Feature record: CXX_FEATURE:1cxx_enum_forward_declarations
    Feature record: CXX_FEATURE:1cxx_explicit_conversions
    Feature record: CXX_FEATURE:1cxx_extended_friend_declarations
    Feature record: CXX_FEATURE:1cxx_extern_templates
    Feature record: CXX_FEATURE:1cxx_final
    Feature record: CXX_FEATURE:1cxx_func_identifier
    Feature record: CXX_FEATURE:1cxx_generalized_initializers
    Feature record: CXX_FEATURE:1cxx_generic_lambdas
    Feature record: CXX_FEATURE:1cxx_inheriting_constructors
    Feature record: CXX_FEATURE:1cxx_inline_namespaces
    Feature record: CXX_FEATURE:1cxx_lambdas
    Feature record: CXX_FEATURE:1cxx_lambda_init_captures
    Feature record: CXX_FEATURE:1cxx_local_type_template_args
    Feature record: CXX_FEATURE:1cxx_long_long_type
    Feature record: CXX_FEATURE:1cxx_noexcept
    Feature record: CXX_FEATURE:1cxx_nonstatic_member_init
    Feature record: CXX_FEATURE:1cxx_nullptr
    Feature record: CXX_FEATURE:1cxx_override
    Feature record: CXX_FEATURE:1cxx_range_for
    Feature record: CXX_FEATURE:1cxx_raw_string_literals
    Feature record: CXX_FEATURE:1cxx_reference_qualified_functions
    Feature record: CXX_FEATURE:1cxx_relaxed_constexpr
    Feature record: CXX_FEATURE:1cxx_return_type_deduction
    Feature record: CXX_FEATURE:1cxx_right_angle_brackets
    Feature record: CXX_FEATURE:1cxx_rvalue_references
    Feature record: CXX_FEATURE:1cxx_sizeof_member
    Feature record: CXX_FEATURE:1cxx_static_assert
    Feature record: CXX_FEATURE:1cxx_strong_enums
    Feature record: CXX_FEATURE:1cxx_template_template_parameters
    Feature record: CXX_FEATURE:1cxx_thread_local
    Feature record: CXX_FEATURE:1cxx_trailing_return_types
    Feature record: CXX_FEATURE:1cxx_unicode_literals
    Feature record: CXX_FEATURE:1cxx_uniform_initialization
    Feature record: CXX_FEATURE:1cxx_unrestricted_unions
    Feature record: CXX_FEATURE:1cxx_user_literals
    Feature record: CXX_FEATURE:1cxx_variable_templates
    Feature record: CXX_FEATURE:1cxx_variadic_macros
    Feature record: CXX_FEATURE:1cxx_variadic_templates


Detecting CXX [-std=c++14] compiler features compiled with the following output:
Change Dir: /home/kalind/Documents/GitHub/CS773_Comp_Arch_Perf_Sec/course_content/project/sc2020-main-solvers/cryptominisat-ccnr/cms/build/CMakeFiles/CMakeTmp

Run Build Command:"/usr/bin/make" "cmTC_8ebc0/fast"
/usr/bin/make -f CMakeFiles/cmTC_8ebc0.dir/build.make CMakeFiles/cmTC_8ebc0.dir/build
make[1]: Entering directory '/home/kalind/Documents/GitHub/CS773_Comp_Arch_Perf_Sec/course_content/project/sc2020-main-solvers/cryptominisat-ccnr/cms/build/CMakeFiles/CMakeTmp'
Building CXX object CMakeFiles/cmTC_8ebc0.dir/feature_tests.cxx.o
/usr/bin/c++    -std=c++14 -o CMakeFiles/cmTC_8ebc0.dir/feature_tests.cxx.o -c /home/kalind/Documents/GitHub/CS773_Comp_Arch_Perf_Sec/course_content/project/sc2020-main-solvers/cryptominisat-ccnr/cms/build/CMakeFiles/feature_tests.cxx
Linking CXX executable cmTC_8ebc0
/home/kalind/Documents/GitHub/CS773_Comp_Arch_Perf_Sec/course_content/project/sc2020-main-solvers/cryptominisat-ccnr/cmake-3.12.0/bin/cmake -E cmake_link_script CMakeFiles/cmTC_8ebc0.dir/link.txt --verbose=1
/usr/bin/c++       -rdynamic CMakeFiles/cmTC_8ebc0.dir/feature_tests.cxx.o  -o cmTC_8ebc0 
make[1]: Leaving directory '/home/kalind/Documents/GitHub/CS773_Comp_Arch_Perf_Sec/course_content/project/sc2020-main-solvers/cryptominisat-ccnr/cms/build/CMakeFiles/CMakeTmp'


    Feature record: CXX_FEATURE:1cxx_aggregate_default_initializers
    Feature record: CXX_FEATURE:1cxx_alias_templates
    Feature record: CXX_FEATURE:1cxx_alignas
    Feature record: CXX_FEATURE:1cxx_alignof
    Feature record: CXX_FEATURE:1cxx_attributes
    Feature record: CXX_FEATURE:1cxx_attribute_deprecated
    Feature record: CXX_FEATURE:1cxx_auto_type
    Feature record: CXX_FEATURE:1cxx_binary_literals
    Feature record: CXX_FEATURE:1cxx_constexpr
    Feature record: CXX_FEATURE:1cxx_contextual_conversions
    Feature record: CXX_FEATURE:1cxx_decltype
    Feature record: CXX_FEATURE:1cxx_decltype_auto
    Feature record: CXX_FEATURE:1cxx_decltype_incomplete_return_types
    Feature record: CXX_FEATURE:1cxx_default_function_template_args
    Feature record: CXX_FEATURE:1cxx_defaulted_functions
    Feature record: CXX_FEATURE:1cxx_defaulted_move_initializers
    Feature record: CXX_FEATURE:1cxx_delegating_constructors
    Feature record: CXX_FEATURE:1cxx_deleted_functions
    Feature record: CXX_FEATURE:1cxx_digit_separators
    Feature record: CXX_FEATURE:1cxx_enum_forward_declarations
    Feature record: CXX_FEATURE:1cxx_explicit_conversions
    Feature record: CXX_FEATURE:1cxx_extended_friend_declarations
    Feature record: CXX_FEATURE:1cxx_extern_templates
    Feature record: CXX_FEATURE:1cxx_final
    Feature record: CXX_FEATURE:1cxx_func_identifier
    Feature record: CXX_FEATURE:1cxx_generalized_initializers
    Feature record: CXX_FEATURE:1cxx_generic_lambdas
    Feature record: CXX_FEATURE:1cxx_inheriting_constructors
    Feature record: CXX_FEATURE:1cxx_inline_namespaces
    Feature record: CXX_FEATURE:1cxx_lambdas
    Feature record: CXX_FEATURE:1cxx_lambda_init_captures
    Feature record: CXX_FEATURE:1cxx_local_type_template_args
    Feature record: CXX_FEATURE:1cxx_long_long_type
    Feature record: CXX_FEATURE:1cxx_noexcept
    Feature record: CXX_FEATURE:1cxx_nonstatic_member_init
    Feature record: CXX_FEATURE:1cxx_nullptr
    Feature record: CXX_FEATURE:1cxx_override
    Feature record: CXX_FEATURE:1cxx_range_for
    Feature record: CXX_FEATURE:1cxx_raw_string_literals
    Feature record: CXX_FEATURE:1cxx_reference_qualified_functions
    Feature record: CXX_FEATURE:1cxx_relaxed_constexpr
    Feature record: CXX_FEATURE:1cxx_return_type_deduction
    Feature record: CXX_FEATURE:1cxx_right_angle_brackets
    Feature record: CXX_FEATURE:1cxx_rvalue_references
    Feature record: CXX_FEATURE:1cxx_sizeof_member
    Feature record: CXX_FEATURE:1cxx_static_assert
    Feature record: CXX_FEATURE:1cxx_strong_enums
    Feature record: CXX_FEATURE:1cxx_template_template_parameters
    Feature record: CXX_FEATURE:1cxx_thread_local
    Feature record: CXX_FEATURE:1cxx_trailing_return_types
    Feature record: CXX_FEATURE:1cxx_unicode_literals
    Feature record: CXX_FEATURE:1cxx_uniform_initialization
    Feature record: CXX_FEATURE:1cxx_unrestricted_unions
    Feature record: CXX_FEATURE:1cxx_user_literals
    Feature record: CXX_FEATURE:1cxx_variable_templates
    Feature record: CXX_FEATURE:1cxx_variadic_macros
    Feature record: CXX_FEATURE:1cxx_variadic_templates


Detecting CXX [-std=c++11] compiler features compiled with the following output:
Change Dir: /home/kalind/Documents/GitHub/CS773_Comp_Arch_Perf_Sec/course_content/project/sc2020-main-solvers/cryptominisat-ccnr/cms/build/CMakeFiles/CMakeTmp

Run Build Command:"/usr/bin/make" "cmTC_a7520/fast"
/usr/bin/make -f CMakeFiles/cmTC_a7520.dir/build.make CMakeFiles/cmTC_a7520.dir/build
make[1]: Entering directory '/home/kalind/Documents/GitHub/CS773_Comp_Arch_Perf_Sec/course_content/project/sc2020-main-solvers/cryptominisat-ccnr/cms/build/CMakeFiles/CMakeTmp'
Building CXX object CMakeFiles/cmTC_a7520.dir/feature_tests.cxx.o
/usr/bin/c++    -std=c++11 -o CMakeFiles/cmTC_a7520.dir/feature_tests.cxx.o -c /home/kalind/Documents/GitHub/CS773_Comp_Arch_Perf_Sec/course_content/project/sc2020-main-solvers/cryptominisat-ccnr/cms/build/CMakeFiles/feature_tests.cxx
Linking CXX executable cmTC_a7520
/home/kalind/Documents/GitHub/CS773_Comp_Arch_Perf_Sec/course_content/project/sc2020-main-solvers/cryptominisat-ccnr/cmake-3.12.0/bin/cmake -E cmake_link_script CMakeFiles/cmTC_a7520.dir/link.txt --verbose=1
/usr/bin/c++       -rdynamic CMakeFiles/cmTC_a7520.dir/feature_tests.cxx.o  -o cmTC_a7520 
make[1]: Leaving directory '/home/kalind/Documents/GitHub/CS773_Comp_Arch_Perf_Sec/course_content/project/sc2020-main-solvers/cryptominisat-ccnr/cms/build/CMakeFiles/CMakeTmp'


    Feature record: CXX_FEATURE:0cxx_aggregate_default_initializers
    Feature record: CXX_FEATURE:1cxx_alias_templates
    Feature record: CXX_FEATURE:1cxx_alignas
    Feature record: CXX_FEATURE:1cxx_alignof
    Feature record: CXX_FEATURE:1cxx_attributes
    Feature record: CXX_FEATURE:0cxx_attribute_deprecated
    Feature record: CXX_FEATURE:1cxx_auto_type
    Feature record: CXX_FEATURE:0cxx_binary_literals
    Feature record: CXX_FEATURE:1cxx_constexpr
    Feature record: CXX_FEATURE:0cxx_contextual_conversions
    Feature record: CXX_FEATURE:1cxx_decltype
    Feature record: CXX_FEATURE:0cxx_decltype_auto
    Feature record: CXX_FEATURE:1cxx_decltype_incomplete_return_types
    Feature record: CXX_FEATURE:1cxx_default_function_template_args
    Feature record: CXX_FEATURE:1cxx_defaulted_functions
    Feature record: CXX_FEATURE:1cxx_defaulted_move_initializers
    Feature record: CXX_FEATURE:1cxx_delegating_constructors
    Feature record: CXX_FEATURE:1cxx_deleted_functions
    Feature record: CXX_FEATURE:0cxx_digit_separators
    Feature record: CXX_FEATURE:1cxx_enum_forward_declarations
    Feature record: CXX_FEATURE:1cxx_explicit_conversions
    Feature record: CXX_FEATURE:1cxx_extended_friend_declarations
    Feature record: CXX_FEATURE:1cxx_extern_templates
    Feature record: CXX_FEATURE:1cxx_final
    Feature record: CXX_FEATURE:1cxx_func_identifier
    Feature record: CXX_FEATURE:1cxx_generalized_initializers
    Feature record: CXX_FEATURE:0cxx_generic_lambdas
    Feature record: CXX_FEATURE:1cxx_inheriting_constructors
    Feature record: CXX_FEATURE:1cxx_inline_namespaces
    Feature record: CXX_FEATURE:1cxx_lambdas
    Feature record: CXX_FEATURE:0cxx_lambda_init_captures
    Feature record: CXX_FEATURE:1cxx_local_type_template_args
    Feature record: CXX_FEATURE:1cxx_long_long_type
    Feature record: CXX_FEATURE:1cxx_noexcept
    Feature record: CXX_FEATURE:1cxx_nonstatic_member_init
    Feature record: CXX_FEATURE:1cxx_nullptr
    Feature record: CXX_FEATURE:1cxx_override
    Feature record: CXX_FEATURE:1cxx_range_for
    Feature record: CXX_FEATURE:1cxx_raw_string_literals
    Feature record: CXX_FEATURE:1cxx_reference_qualified_functions
    Feature record: CXX_FEATURE:0cxx_relaxed_constexpr
    Feature record: CXX_FEATURE:0cxx_return_type_deduction
    Feature record: CXX_FEATURE:1cxx_right_angle_brackets
    Feature record: CXX_FEATURE:1cxx_rvalue_references
    Feature record: CXX_FEATURE:1cxx_sizeof_member
    Feature record: CXX_FEATURE:1cxx_static_assert
    Feature record: CXX_FEATURE:1cxx_strong_enums
    Feature record: CXX_FEATURE:1cxx_template_template_parameters
    Feature record: CXX_FEATURE:1cxx_thread_local
    Feature record: CXX_FEATURE:1cxx_trailing_return_types
    Feature record: CXX_FEATURE:1cxx_unicode_literals
    Feature record: CXX_FEATURE:1cxx_uniform_initialization
    Feature record: CXX_FEATURE:1cxx_unrestricted_unions
    Feature record: CXX_FEATURE:1cxx_user_literals
    Feature record: CXX_FEATURE:0cxx_variable_templates
    Feature record: CXX_FEATURE:1cxx_variadic_macros
    Feature record: CXX_FEATURE:1cxx_variadic_templates


Detecting CXX [-std=c++98] compiler features compiled with the following output:
Change Dir: /home/kalind/Documents/GitHub/CS773_Comp_Arch_Perf_Sec/course_content/project/sc2020-main-solvers/cryptominisat-ccnr/cms/build/CMakeFiles/CMakeTmp

Run Build Command:"/usr/bin/make" "cmTC_6722d/fast"
/usr/bin/make -f CMakeFiles/cmTC_6722d.dir/build.make CMakeFiles/cmTC_6722d.dir/build
make[1]: Entering directory '/home/kalind/Documents/GitHub/CS773_Comp_Arch_Perf_Sec/course_content/project/sc2020-main-solvers/cryptominisat-ccnr/cms/build/CMakeFiles/CMakeTmp'
Building CXX object CMakeFiles/cmTC_6722d.dir/feature_tests.cxx.o
/usr/bin/c++    -std=c++98 -o CMakeFiles/cmTC_6722d.dir/feature_tests.cxx.o -c /home/kalind/Documents/GitHub/CS773_Comp_Arch_Perf_Sec/course_content/project/sc2020-main-solvers/cryptominisat-ccnr/cms/build/CMakeFiles/feature_tests.cxx
Linking CXX executable cmTC_6722d
/home/kalind/Documents/GitHub/CS773_Comp_Arch_Perf_Sec/course_content/project/sc2020-main-solvers/cryptominisat-ccnr/cmake-3.12.0/bin/cmake -E cmake_link_script CMakeFiles/cmTC_6722d.dir/link.txt --verbose=1
/usr/bin/c++       -rdynamic CMakeFiles/cmTC_6722d.dir/feature_tests.cxx.o  -o cmTC_6722d 
make[1]: Leaving directory '/home/kalind/Documents/GitHub/CS773_Comp_Arch_Perf_Sec/course_content/project/sc2020-main-solvers/cryptominisat-ccnr/cms/build/CMakeFiles/CMakeTmp'


    Feature record: CXX_FEATURE:0cxx_aggregate_default_initializers
    Feature record: CXX_FEATURE:0cxx_alias_templates
    Feature record: CXX_FEATURE:0cxx_alignas
    Feature record: CXX_FEATURE:0cxx_alignof
    Feature record: CXX_FEATURE:0cxx_attributes
    Feature record: CXX_FEATURE:0cxx_attribute_deprecated
    Feature record: CXX_FEATURE:0cxx_auto_type
    Feature record: CXX_FEATURE:0cxx_binary_literals
    Feature record: CXX_FEATURE:0cxx_constexpr
    Feature record: CXX_FEATURE:0cxx_contextual_conversions
    Feature record: CXX_FEATURE:0cxx_decltype
    Feature record: CXX_FEATURE:0cxx_decltype_auto
    Feature record: CXX_FEATURE:0cxx_decltype_incomplete_return_types
    Feature record: CXX_FEATURE:0cxx_default_function_template_args
    Feature record: CXX_FEATURE:0cxx_defaulted_functions
    Feature record: CXX_FEATURE:0cxx_defaulted_move_initializers
    Feature record: CXX_FEATURE:0cxx_delegating_constructors
    Feature record: CXX_FEATURE:0cxx_deleted_functions
    Feature record: CXX_FEATURE:0cxx_digit_separators
    Feature record: CXX_FEATURE:0cxx_enum_forward_declarations
    Feature record: CXX_FEATURE:0cxx_explicit_conversions
    Feature record: CXX_FEATURE:0cxx_extended_friend_declarations
    Feature record: CXX_FEATURE:0cxx_extern_templates
    Feature record: CXX_FEATURE:0cxx_final
    Feature record: CXX_FEATURE:0cxx_func_identifier
    Feature record: CXX_FEATURE:0cxx_generalized_initializers
    Feature record: CXX_FEATURE:0cxx_generic_lambdas
    Feature record: CXX_FEATURE:0cxx_inheriting_constructors
    Feature record: CXX_FEATURE:0cxx_inline_namespaces
    Feature record: CXX_FEATURE:0cxx_lambdas
    Feature record: CXX_FEATURE:0cxx_lambda_init_captures
    Feature record: CXX_FEATURE:0cxx_local_type_template_args
    Feature record: CXX_FEATURE:0cxx_long_long_type
    Feature record: CXX_FEATURE:0cxx_noexcept
    Feature record: CXX_FEATURE:0cxx_nonstatic_member_init
    Feature record: CXX_FEATURE:0cxx_nullptr
    Feature record: CXX_FEATURE:0cxx_override
    Feature record: CXX_FEATURE:0cxx_range_for
    Feature record: CXX_FEATURE:0cxx_raw_string_literals
    Feature record: CXX_FEATURE:0cxx_reference_qualified_functions
    Feature record: CXX_FEATURE:0cxx_relaxed_constexpr
    Feature record: CXX_FEATURE:0cxx_return_type_deduction
    Feature record: CXX_FEATURE:0cxx_right_angle_brackets
    Feature record: CXX_FEATURE:0cxx_rvalue_references
    Feature record: CXX_FEATURE:0cxx_sizeof_member
    Feature record: CXX_FEATURE:0cxx_static_assert
    Feature record: CXX_FEATURE:0cxx_strong_enums
    Feature record: CXX_FEATURE:1cxx_template_template_parameters
    Feature record: CXX_FEATURE:0cxx_thread_local
    Feature record: CXX_FEATURE:0cxx_trailing_return_types
    Feature record: CXX_FEATURE:0cxx_unicode_literals
    Feature record: CXX_FEATURE:0cxx_uniform_initialization
    Feature record: CXX_FEATURE:0cxx_unrestricted_unions
    Feature record: CXX_FEATURE:0cxx_user_literals
    Feature record: CXX_FEATURE:0cxx_variable_templates
    Feature record: CXX_FEATURE:0cxx_variadic_macros
    Feature record: CXX_FEATURE:0cxx_variadic_templates
Compiling the C compiler identification source file "CMakeCCompilerId.c" succeeded.
Compiler: /usr/bin/cc 
Build flags: 
Id flags:  

The output was:
0


Compilation of the C compiler identification source "CMakeCCompilerId.c" produced "a.out"

The C compiler identification is GNU, found in "/home/kalind/Documents/GitHub/CS773_Comp_Arch_Perf_Sec/course_content/project/sc2020-main-solvers/cryptominisat-ccnr/cms/build/CMakeFiles/3.12.0/CompilerIdC/a.out"

Determining if the C compiler works passed with the following output:
Change Dir: /home/kalind/Documents/GitHub/CS773_Comp_Arch_Perf_Sec/course_content/project/sc2020-main-solvers/cryptominisat-ccnr/cms/build/CMakeFiles/CMakeTmp

Run Build Command:"/usr/bin/make" "cmTC_345b8/fast"
/usr/bin/make -f CMakeFiles/cmTC_345b8.dir/build.make CMakeFiles/cmTC_345b8.dir/build
make[1]: Entering directory '/home/kalind/Documents/GitHub/CS773_Comp_Arch_Perf_Sec/course_content/project/sc2020-main-solvers/cryptominisat-ccnr/cms/build/CMakeFiles/CMakeTmp'
Building C object CMakeFiles/cmTC_345b8.dir/testCCompiler.c.o
/usr/bin/cc    -o CMakeFiles/cmTC_345b8.dir/testCCompiler.c.o   -c /home/kalind/Documents/GitHub/CS773_Comp_Arch_Perf_Sec/course_content/project/sc2020-main-solvers/cryptominisat-ccnr/cms/build/CMakeFiles/CMakeTmp/testCCompiler.c
Linking C executable cmTC_345b8
/home/kalind/Documents/GitHub/CS773_Comp_Arch_Perf_Sec/course_content/project/sc2020-main-solvers/cryptominisat-ccnr/cmake-3.12.0/bin/cmake -E cmake_link_script CMakeFiles/cmTC_345b8.dir/link.txt --verbose=1
/usr/bin/cc      -rdynamic CMakeFiles/cmTC_345b8.dir/testCCompiler.c.o  -o cmTC_345b8 
make[1]: Leaving directory '/home/kalind/Documents/GitHub/CS773_Comp_Arch_Perf_Sec/course_content/project/sc2020-main-solvers/cryptominisat-ccnr/cms/build/CMakeFiles/CMakeTmp'


Detecting C compiler ABI info compiled with the following output:
Change Dir: /home/kalind/Documents/GitHub/CS773_Comp_Arch_Perf_Sec/course_content/project/sc2020-main-solvers/cryptominisat-ccnr/cms/build/CMakeFiles/CMakeTmp

Run Build Command:"/usr/bin/make" "cmTC_5418c/fast"
/usr/bin/make -f CMakeFiles/cmTC_5418c.dir/build.make CMakeFiles/cmTC_5418c.dir/build
make[1]: Entering directory '/home/kalind/Documents/GitHub/CS773_Comp_Arch_Perf_Sec/course_content/project/sc2020-main-solvers/cryptominisat-ccnr/cms/build/CMakeFiles/CMakeTmp'
Building C object CMakeFiles/cmTC_5418c.dir/CMakeCCompilerABI.c.o
/usr/bin/cc    -o CMakeFiles/cmTC_5418c.dir/CMakeCCompilerABI.c.o   -c /home/kalind/Documents/GitHub/CS773_Comp_Arch_Perf_Sec/course_content/project/sc2020-main-solvers/cryptominisat-ccnr/cmake-3.12.0/Modules/CMakeCCompilerABI.c
Linking C executable cmTC_5418c
/home/kalind/Documents/GitHub/CS773_Comp_Arch_Perf_Sec/course_content/project/sc2020-main-solvers/cryptominisat-ccnr/cmake-3.12.0/bin/cmake -E cmake_link_script CMakeFiles/cmTC_5418c.dir/link.txt --verbose=1
/usr/bin/cc     -v -rdynamic CMakeFiles/cmTC_5418c.dir/CMakeCCompilerABI.c.o  -o cmTC_5418c 
Using built-in specs.
COLLECT_GCC=/usr/bin/cc
COLLECT_LTO_WRAPPER=/usr/lib/gcc/x86_64-linux-gnu/9/lto-wrapper
OFFLOAD_TARGET_NAMES=nvptx-none:hsa
OFFLOAD_TARGET_DEFAULT=1
Target: x86_64-linux-gnu
Configured with: ../src/configure -v --with-pkgversion='Ubuntu 9.4.0-1ubuntu1~20.04.1' --with-bugurl=file:///usr/share/doc/gcc-9/README.Bugs --enable-languages=c,ada,c++,go,brig,d,fortran,objc,obj-c++,gm2 --prefix=/usr --with-gcc-major-version-only --program-suffix=-9 --program-prefix=x86_64-linux-gnu- --enable-shared --enable-linker-build-id --libexecdir=/usr/lib --without-included-gettext --enable-threads=posix --libdir=/usr/lib --enable-nls --enable-clocale=gnu --enable-libstdcxx-debug --enable-libstdcxx-time=yes --with-default-libstdcxx-abi=new --enable-gnu-unique-object --disable-vtable-verify --enable-plugin --enable-default-pie --with-system-zlib --with-target-system-zlib=auto --enable-objc-gc=auto --enable-multiarch --disable-werror --with-arch-32=i686 --with-abi=m64 --with-multilib-list=m32,m64,mx32 --enable-multilib --with-tune=generic --enable-offload-targets=nvptx-none=/build/gcc-9-Av3uEd/gcc-9-9.4.0/debian/tmp-nvptx/usr,hsa --without-cuda-driver --enable-checking=release --build=x86_64-linux-gnu --host=x86_64-linux-gnu --target=x86_64-linux-gnu
Thread model: posix
gcc version 9.4.0 (Ubuntu 9.4.0-1ubuntu1~20.04.1) 
COMPILER_PATH=/usr/lib/gcc/x86_64-linux-gnu/9/:/usr/lib/gcc/x86_64-linux-gnu/9/:/usr/lib/gcc/x86_64-linux-gnu/:/usr/lib/gcc/x86_64-linux-gnu/9/:/usr/lib/gcc/x86_64-linux-gnu/
LIBRARY_PATH=/usr/lib/gcc/x86_64-linux-gnu/9/:/usr/lib/gcc/x86_64-linux-gnu/9/../../../x86_64-linux-gnu/:/usr/lib/gcc/x86_64-linux-gnu/9/../../../../lib/:/lib/x86_64-linux-gnu/:/lib/../lib/:/usr/lib/x86_64-linux-gnu/:/usr/lib/../lib/:/usr/lib/gcc/x86_64-linux-gnu/9/../../../:/lib/:/usr/lib/
COLLECT_GCC_OPTIONS='-v' '-rdynamic' '-o' 'cmTC_5418c' '-mtune=generic' '-march=x86-64'
 /usr/lib/gcc/x86_64-linux-gnu/9/collect2 -plugin /usr/lib/gcc/x86_64-linux-gnu/9/liblto_plugin.so -plugin-opt=/usr/lib/gcc/x86_64-linux-gnu/9/lto-wrapper -plugin-opt=-fresolution=/tmp/cczqcYfy.res -plugin-opt=-pass-through=-lgcc -plugin-opt=-pass-through=-lgcc_s -plugin-opt=-pass-through=-lc -plugin-opt=-pass-through=-lgcc -plugin-opt=-pass-through=-lgcc_s --build-id --eh-frame-hdr -m elf_x86_64 --hash-style=gnu --as-needed -export-dynamic -dynamic-linker /lib64/ld-linux-x86-64.so.2 -pie -z now -z relro -o cmTC_5418c /usr/lib/gcc/x86_64-linux-gnu/9/../../../x86_64-linux-gnu/Scrt1.o /usr/lib/gcc/x86_64-linux-gnu/9/../../../x86_64-linux-gnu/crti.o /usr/lib/gcc/x86_64-linux-gnu/9/crtbeginS.o -L/usr/lib/gcc/x86_64-linux-gnu/9 -L/usr/lib/gcc/x86_64-linux-gnu/9/../../../x86_64-linux-gnu -L/usr/lib/gcc/x86_64-linux-gnu/9/../../../../lib -L/lib/x86_64-linux-gnu -L/lib/../lib -L/usr/lib/x86_64-linux-gnu -L/usr/lib/../lib -L/usr/lib/gcc/x86_64-linux-gnu/9/../../.. CMakeFiles/cmTC_5418c.dir/CMakeCCompilerABI.c.o -lgcc --push-state --as-needed -lgcc_s --pop-state -lc -lgcc --push-state --as-needed -lgcc_s --pop-state /usr/lib/gcc/x86_64-linux-gnu/9/crtendS.o /usr/lib/gcc/x86_64-linux-gnu/9/../../../x86_64-linux-gnu/crtn.o
COLLECT_GCC_OPTIONS='-v' '-rdynamic' '-o' 'cmTC_5418c' '-mtune=generic' '-march=x86-64'
make[1]: Leaving directory '/home/kalind/Documents/GitHub/CS773_Comp_Arch_Perf_Sec/course_content/project/sc2020-main-solvers/cryptominisat-ccnr/cms/build/CMakeFiles/CMakeTmp'


Parsed C implicit link information from above output:
  link line regex: [^( *|.*[/\])(ld|CMAKE_LINK_STARTFILE-NOTFOUND|([^/\]+-)?ld|collect2)[^/\]*( |$)]
  ignore line: [Change Dir: /home/kalind/Documents/GitHub/CS773_Comp_Arch_Perf_Sec/course_content/project/sc2020-main-solvers/cryptominisat-ccnr/cms/build/CMakeFiles/CMakeTmp]
  ignore line: []
  ignore line: [Run Build Command:"/usr/bin/make" "cmTC_5418c/fast"]
  ignore line: [/usr/bin/make -f CMakeFiles/cmTC_5418c.dir/build.make CMakeFiles/cmTC_5418c.dir/build]
  ignore line: [make[1]: Entering directory '/home/kalind/Documents/GitHub/CS773_Comp_Arch_Perf_Sec/course_content/project/sc2020-main-solvers/cryptominisat-ccnr/cms/build/CMakeFiles/CMakeTmp']
  ignore line: [Building C object CMakeFiles/cmTC_5418c.dir/CMakeCCompilerABI.c.o]
  ignore line: [/usr/bin/cc    -o CMakeFiles/cmTC_5418c.dir/CMakeCCompilerABI.c.o   -c /home/kalind/Documents/GitHub/CS773_Comp_Arch_Perf_Sec/course_content/project/sc2020-main-solvers/cryptominisat-ccnr/cmake-3.12.0/Modules/CMakeCCompilerABI.c]
  ignore line: [Linking C executable cmTC_5418c]
  ignore line: [/home/kalind/Documents/GitHub/CS773_Comp_Arch_Perf_Sec/course_content/project/sc2020-main-solvers/cryptominisat-ccnr/cmake-3.12.0/bin/cmake -E cmake_link_script CMakeFiles/cmTC_5418c.dir/link.txt --verbose=1]
  ignore line: [/usr/bin/cc     -v -rdynamic CMakeFiles/cmTC_5418c.dir/CMakeCCompilerABI.c.o  -o cmTC_5418c ]
  ignore line: [Using built-in specs.]
  ignore line: [COLLECT_GCC=/usr/bin/cc]
  ignore line: [COLLECT_LTO_WRAPPER=/usr/lib/gcc/x86_64-linux-gnu/9/lto-wrapper]
  ignore line: [OFFLOAD_TARGET_NAMES=nvptx-none:hsa]
  ignore line: [OFFLOAD_TARGET_DEFAULT=1]
  ignore line: [Target: x86_64-linux-gnu]
  ignore line: [Configured with: ../src/configure -v --with-pkgversion='Ubuntu 9.4.0-1ubuntu1~20.04.1' --with-bugurl=file:///usr/share/doc/gcc-9/README.Bugs --enable-languages=c,ada,c++,go,brig,d,fortran,objc,obj-c++,gm2 --prefix=/usr --with-gcc-major-version-only --program-suffix=-9 --program-prefix=x86_64-linux-gnu- --enable-shared --enable-linker-build-id --libexecdir=/usr/lib --without-included-gettext --enable-threads=posix --libdir=/usr/lib --enable-nls --enable-clocale=gnu --enable-libstdcxx-debug --enable-libstdcxx-time=yes --with-default-libstdcxx-abi=new --enable-gnu-unique-object --disable-vtable-verify --enable-plugin --enable-default-pie --with-system-zlib --with-target-system-zlib=auto --enable-objc-gc=auto --enable-multiarch --disable-werror --with-arch-32=i686 --with-abi=m64 --with-multilib-list=m32,m64,mx32 --enable-multilib --with-tune=generic --enable-offload-targets=nvptx-none=/build/gcc-9-Av3uEd/gcc-9-9.4.0/debian/tmp-nvptx/usr,hsa --without-cuda-driver --enable-checking=release --build=x86_64-linux-gnu --host=x86_64-linux-gnu --target=x86_64-linux-gnu]
  ignore line: [Thread model: posix]
  ignore line: [gcc version 9.4.0 (Ubuntu 9.4.0-1ubuntu1~20.04.1) ]
  ignore line: [COMPILER_PATH=/usr/lib/gcc/x86_64-linux-gnu/9/:/usr/lib/gcc/x86_64-linux-gnu/9/:/usr/lib/gcc/x86_64-linux-gnu/:/usr/lib/gcc/x86_64-linux-gnu/9/:/usr/lib/gcc/x86_64-linux-gnu/]
  ignore line: [LIBRARY_PATH=/usr/lib/gcc/x86_64-linux-gnu/9/:/usr/lib/gcc/x86_64-linux-gnu/9/../../../x86_64-linux-gnu/:/usr/lib/gcc/x86_64-linux-gnu/9/../../../../lib/:/lib/x86_64-linux-gnu/:/lib/../lib/:/usr/lib/x86_64-linux-gnu/:/usr/lib/../lib/:/usr/lib/gcc/x86_64-linux-gnu/9/../../../:/lib/:/usr/lib/]
  ignore line: [COLLECT_GCC_OPTIONS='-v' '-rdynamic' '-o' 'cmTC_5418c' '-mtune=generic' '-march=x86-64']
  link line: [ /usr/lib/gcc/x86_64-linux-gnu/9/collect2 -plugin /usr/lib/gcc/x86_64-linux-gnu/9/liblto_plugin.so -plugin-opt=/usr/lib/gcc/x86_64-linux-gnu/9/lto-wrapper -plugin-opt=-fresolution=/tmp/cczqcYfy.res -plugin-opt=-pass-through=-lgcc -plugin-opt=-pass-through=-lgcc_s -plugin-opt=-pass-through=-lc -plugin-opt=-pass-through=-lgcc -plugin-opt=-pass-through=-lgcc_s --build-id --eh-frame-hdr -m elf_x86_64 --hash-style=gnu --as-needed -export-dynamic -dynamic-linker /lib64/ld-linux-x86-64.so.2 -pie -z now -z relro -o cmTC_5418c /usr/lib/gcc/x86_64-linux-gnu/9/../../../x86_64-linux-gnu/Scrt1.o /usr/lib/gcc/x86_64-linux-gnu/9/../../../x86_64-linux-gnu/crti.o /usr/lib/gcc/x86_64-linux-gnu/9/crtbeginS.o -L/usr/lib/gcc/x86_64-linux-gnu/9 -L/usr/lib/gcc/x86_64-linux-gnu/9/../../../x86_64-linux-gnu -L/usr/lib/gcc/x86_64-linux-gnu/9/../../../../lib -L/lib/x86_64-linux-gnu -L/lib/../lib -L/usr/lib/x86_64-linux-gnu -L/usr/lib/../lib -L/usr/lib/gcc/x86_64-linux-gnu/9/../../.. CMakeFiles/cmTC_5418c.dir/CMakeCCompilerABI.c.o -lgcc --push-state --as-needed -lgcc_s --pop-state -lc -lgcc --push-state --as-needed -lgcc_s --pop-state /usr/lib/gcc/x86_64-linux-gnu/9/crtendS.o /usr/lib/gcc/x86_64-linux-gnu/9/../../../x86_64-linux-gnu/crtn.o]
    arg [/usr/lib/gcc/x86_64-linux-gnu/9/collect2] ==> ignore
    arg [-plugin] ==> ignore
    arg [/usr/lib/gcc/x86_64-linux-gnu/9/liblto_plugin.so] ==> ignore
    arg [-plugin-opt=/usr/lib/gcc/x86_64-linux-gnu/9/lto-wrapper] ==> ignore
    arg [-plugin-opt=-fresolution=/tmp/cczqcYfy.res] ==> ignore
    arg [-plugin-opt=-pass-through=-lgcc] ==> ignore
    arg [-plugin-opt=-pass-through=-lgcc_s] ==> ignore
    arg [-plugin-opt=-pass-through=-lc] ==> ignore
    arg [-plugin-opt=-pass-through=-lgcc] ==> ignore
    arg [-plugin-opt=-pass-through=-lgcc_s] ==> ignore
    arg [--build-id] ==> ignore
    arg [--eh-frame-hdr] ==> ignore
    arg [-m] ==> ignore
    arg [elf_x86_64] ==> ignore
    arg [--hash-style=gnu] ==> ignore
    arg [--as-needed] ==> ignore
    arg [-export-dynamic] ==> ignore
    arg [-dynamic-linker] ==> ignore
    arg [/lib64/ld-linux-x86-64.so.2] ==> ignore
    arg [-pie] ==> ignore
    arg [-znow] ==> ignore
    arg [-zrelro] ==> ignore
    arg [-o] ==> ignore
    arg [cmTC_5418c] ==> ignore
    arg [/usr/lib/gcc/x86_64-linux-gnu/9/../../../x86_64-linux-gnu/Scrt1.o] ==> ignore
    arg [/usr/lib/gcc/x86_64-linux-gnu/9/../../../x86_64-linux-gnu/crti.o] ==> ignore
    arg [/usr/lib/gcc/x86_64-linux-gnu/9/crtbeginS.o] ==> ignore
    arg [-L/usr/lib/gcc/x86_64-linux-gnu/9] ==> dir [/usr/lib/gcc/x86_64-linux-gnu/9]
    arg [-L/usr/lib/gcc/x86_64-linux-gnu/9/../../../x86_64-linux-gnu] ==> dir [/usr/lib/gcc/x86_64-linux-gnu/9/../../../x86_64-linux-gnu]
    arg [-L/usr/lib/gcc/x86_64-linux-gnu/9/../../../../lib] ==> dir [/usr/lib/gcc/x86_64-linux-gnu/9/../../../../lib]
    arg [-L/lib/x86_64-linux-gnu] ==> dir [/lib/x86_64-linux-gnu]
    arg [-L/lib/../lib] ==> dir [/lib/../lib]
    arg [-L/usr/lib/x86_64-linux-gnu] ==> dir [/usr/lib/x86_64-linux-gnu]
    arg [-L/usr/lib/../lib] ==> dir [/usr/lib/../lib]
    arg [-L/usr/lib/gcc/x86_64-linux-gnu/9/../../..] ==> dir [/usr/lib/gcc/x86_64-linux-gnu/9/../../..]
    arg [CMakeFiles/cmTC_5418c.dir/CMakeCCompilerABI.c.o] ==> ignore
    arg [-lgcc] ==> lib [gcc]
    arg [--push-state] ==> ignore
    arg [--as-needed] ==> ignore
    arg [-lgcc_s] ==> lib [gcc_s]
    arg [--pop-state] ==> ignore
    arg [-lc] ==> lib [c]
    arg [-lgcc] ==> lib [gcc]
    arg [--push-state] ==> ignore
    arg [--as-needed] ==> ignore
    arg [-lgcc_s] ==> lib [gcc_s]
    arg [--pop-state] ==> ignore
    arg [/usr/lib/gcc/x86_64-linux-gnu/9/crtendS.o] ==> ignore
    arg [/usr/lib/gcc/x86_64-linux-gnu/9/../../../x86_64-linux-gnu/crtn.o] ==> ignore
  collapse library dir [/usr/lib/gcc/x86_64-linux-gnu/9] ==> [/usr/lib/gcc/x86_64-linux-gnu/9]
  collapse library dir [/usr/lib/gcc/x86_64-linux-gnu/9/../../../x86_64-linux-gnu] ==> [/usr/lib/x86_64-linux-gnu]
  collapse library dir [/usr/lib/gcc/x86_64-linux-gnu/9/../../../../lib] ==> [/usr/lib]
  collapse library dir [/lib/x86_64-linux-gnu] ==> [/lib/x86_64-linux-gnu]
  collapse library dir [/lib/../lib] ==> [/lib]
  collapse library dir [/usr/lib/x86_64-linux-gnu] ==> [/usr/lib/x86_64-linux-gnu]
  collapse library dir [/usr/lib/../lib] ==> [/usr/lib]
  collapse library dir [/usr/lib/gcc/x86_64-linux-gnu/9/../../..] ==> [/usr/lib]
  implicit libs: [gcc;gcc_s;c;gcc;gcc_s]
  implicit dirs: [/usr/lib/gcc/x86_64-linux-gnu/9;/usr/lib/x86_64-linux-gnu;/usr/lib;/lib/x86_64-linux-gnu;/lib]
  implicit fwks: []




Detecting C [-std=c11] compiler features compiled with the following output:
Change Dir: /home/kalind/Documents/GitHub/CS773_Comp_Arch_Perf_Sec/course_content/project/sc2020-main-solvers/cryptominisat-ccnr/cms/build/CMakeFiles/CMakeTmp

Run Build Command:"/usr/bin/make" "cmTC_0d2ae/fast"
/usr/bin/make -f CMakeFiles/cmTC_0d2ae.dir/build.make CMakeFiles/cmTC_0d2ae.dir/build
make[1]: Entering directory '/home/kalind/Documents/GitHub/CS773_Comp_Arch_Perf_Sec/course_content/project/sc2020-main-solvers/cryptominisat-ccnr/cms/build/CMakeFiles/CMakeTmp'
Building C object CMakeFiles/cmTC_0d2ae.dir/feature_tests.c.o
/usr/bin/cc   -std=c11 -o CMakeFiles/cmTC_0d2ae.dir/feature_tests.c.o   -c /home/kalind/Documents/GitHub/CS773_Comp_Arch_Perf_Sec/course_content/project/sc2020-main-solvers/cryptominisat-ccnr/cms/build/CMakeFiles/feature_tests.c
Linking C executable cmTC_0d2ae
/home/kalind/Documents/GitHub/CS773_Comp_Arch_Perf_Sec/course_content/project/sc2020-main-solvers/cryptominisat-ccnr/cmake-3.12.0/bin/cmake -E cmake_link_script CMakeFiles/cmTC_0d2ae.dir/link.txt --verbose=1
/usr/bin/cc      -rdynamic CMakeFiles/cmTC_0d2ae.dir/feature_tests.c.o  -o cmTC_0d2ae 
make[1]: Leaving directory '/home/kalind/Documents/GitHub/CS773_Comp_Arch_Perf_Sec/course_content/project/sc2020-main-solvers/cryptominisat-ccnr/cms/build/CMakeFiles/CMakeTmp'


    Feature record: C_FEATURE:1c_function_prototypes
    Feature record: C_FEATURE:1c_restrict
    Feature record: C_FEATURE:1c_static_assert
    Feature record: C_FEATURE:1c_variadic_macros


Detecting C [-std=c99] compiler features compiled with the following output:
Change Dir: /home/kalind/Documents/GitHub/CS773_Comp_Arch_Perf_Sec/course_content/project/sc2020-main-solvers/cryptominisat-ccnr/cms/build/CMakeFiles/CMakeTmp

Run Build Command:"/usr/bin/make" "cmTC_fe0c3/fast"
/usr/bin/make -f CMakeFiles/cmTC_fe0c3.dir/build.make CMakeFiles/cmTC_fe0c3.dir/build
make[1]: Entering directory '/home/kalind/Documents/GitHub/CS773_Comp_Arch_Perf_Sec/course_content/project/sc2020-main-solvers/cryptominisat-ccnr/cms/build/CMakeFiles/CMakeTmp'
Building C object CMakeFiles/cmTC_fe0c3.dir/feature_tests.c.o
/usr/bin/cc   -std=c99 -o CMakeFiles/cmTC_fe0c3.dir/feature_tests.c.o   -c /home/kalind/Documents/GitHub/CS773_Comp_Arch_Perf_Sec/course_content/project/sc2020-main-solvers/cryptominisat-ccnr/cms/build/CMakeFiles/feature_tests.c
Linking C executable cmTC_fe0c3
/home/kalind/Documents/GitHub/CS773_Comp_Arch_Perf_Sec/course_content/project/sc2020-main-solvers/cryptominisat-ccnr/cmake-3.12.0/bin/cmake -E cmake_link_script CMakeFiles/cmTC_fe0c3.dir/link.txt --verbose=1
/usr/bin/cc      -rdynamic CMakeFiles/cmTC_fe0c3.dir/feature_tests.c.o  -o cmTC_fe0c3 
make[1]: Leaving directory '/home/kalind/Documents/GitHub/CS773_Comp_Arch_Perf_Sec/course_content/project/sc2020-main-solvers/cryptominisat-ccnr/cms/build/CMakeFiles/CMakeTmp'


    Feature record: C_FEATURE:1c_function_prototypes
    Feature record: C_FEATURE:1c_restrict
    Feature record: C_FEATURE:0c_static_assert
    Feature record: C_FEATURE:1c_variadic_macros


Detecting C [-std=c90] compiler features compiled with the following output:
Change Dir: /home/kalind/Documents/GitHub/CS773_Comp_Arch_Perf_Sec/course_content/project/sc2020-main-solvers/cryptominisat-ccnr/cms/build/CMakeFiles/CMakeTmp

Run Build Command:"/usr/bin/make" "cmTC_dac1a/fast"
/usr/bin/make -f CMakeFiles/cmTC_dac1a.dir/build.make CMakeFiles/cmTC_dac1a.dir/build
make[1]: Entering directory '/home/kalind/Documents/GitHub/CS773_Comp_Arch_Perf_Sec/course_content/project/sc2020-main-solvers/cryptominisat-ccnr/cms/build/CMakeFiles/CMakeTmp'
Building C object CMakeFiles/cmTC_dac1a.dir/feature_tests.c.o
/usr/bin/cc   -std=c90 -o CMakeFiles/cmTC_dac1a.dir/feature_tests.c.o   -c /home/kalind/Documents/GitHub/CS773_Comp_Arch_Perf_Sec/course_content/project/sc2020-main-solvers/cryptominisat-ccnr/cms/build/CMakeFiles/feature_tests.c
Linking C executable cmTC_dac1a
/home/kalind/Documents/GitHub/CS773_Comp_Arch_Perf_Sec/course_content/project/sc2020-main-solvers/cryptominisat-ccnr/cmake-3.12.0/bin/cmake -E cmake_link_script CMakeFiles/cmTC_dac1a.dir/link.txt --verbose=1
/usr/bin/cc      -rdynamic CMakeFiles/cmTC_dac1a.dir/feature_tests.c.o  -o cmTC_dac1a 
make[1]: Leaving directory '/home/kalind/Documents/GitHub/CS773_Comp_Arch_Perf_Sec/course_content/project/sc2020-main-solvers/cryptominisat-ccnr/cms/build/CMakeFiles/CMakeTmp'


    Feature record: C_FEATURE:1c_function_prototypes
    Feature record: C_FEATURE:0c_restrict
    Feature record: C_FEATURE:0c_static_assert
    Feature record: C_FEATURE:0c_variadic_macros
Determining if the include file pthread.h exists passed with the following output:
Change Dir: /home/kalind/Documents/GitHub/CS773_Comp_Arch_Perf_Sec/course_content/project/sc2020-main-solvers/cryptominisat-ccnr/cms/build/CMakeFiles/CMakeTmp

Run Build Command:"/usr/bin/make" "cmTC_f5089/fast"
/usr/bin/make -f CMakeFiles/cmTC_f5089.dir/build.make CMakeFiles/cmTC_f5089.dir/build
make[1]: Entering directory '/home/kalind/Documents/GitHub/CS773_Comp_Arch_Perf_Sec/course_content/project/sc2020-main-solvers/cryptominisat-ccnr/cms/build/CMakeFiles/CMakeTmp'
Building C object CMakeFiles/cmTC_f5089.dir/CheckIncludeFile.c.o
/usr/bin/cc    -o CMakeFiles/cmTC_f5089.dir/CheckIncludeFile.c.o   -c /home/kalind/Documents/GitHub/CS773_Comp_Arch_Perf_Sec/course_content/project/sc2020-main-solvers/cryptominisat-ccnr/cms/build/CMakeFiles/CMakeTmp/CheckIncludeFile.c
Linking C executable cmTC_f5089
/home/kalind/Documents/GitHub/CS773_Comp_Arch_Perf_Sec/course_content/project/sc2020-main-solvers/cryptominisat-ccnr/cmake-3.12.0/bin/cmake -E cmake_link_script CMakeFiles/cmTC_f5089.dir/link.txt --verbose=1
/usr/bin/cc      -rdynamic CMakeFiles/cmTC_f5089.dir/CheckIncludeFile.c.o  -o cmTC_f5089 
make[1]: Leaving directory '/home/kalind/Documents/GitHub/CS773_Comp_Arch_Perf_Sec/course_content/project/sc2020-main-solvers/cryptominisat-ccnr/cms/build/CMakeFiles/CMakeTmp'


Performing C++ SOURCE FILE Test HAVE_FLAG_-fno-stack-protector succeeded with the following output:
Change Dir: /home/kalind/Documents/GitHub/CS773_Comp_Arch_Perf_Sec/course_content/project/sc2020-main-solvers/cryptominisat-ccnr/cms/build/CMakeFiles/CMakeTmp

Run Build Command:"/usr/bin/make" "cmTC_5c85a/fast"
/usr/bin/make -f CMakeFiles/cmTC_5c85a.dir/build.make CMakeFiles/cmTC_5c85a.dir/build
make[1]: Entering directory '/home/kalind/Documents/GitHub/CS773_Comp_Arch_Perf_Sec/course_content/project/sc2020-main-solvers/cryptominisat-ccnr/cms/build/CMakeFiles/CMakeTmp'
Building CXX object CMakeFiles/cmTC_5c85a.dir/src.cxx.o
/usr/bin/c++    -DHAVE_FLAG_-fno-stack-protector   -fno-stack-protector -o CMakeFiles/cmTC_5c85a.dir/src.cxx.o -c /home/kalind/Documents/GitHub/CS773_Comp_Arch_Perf_Sec/course_content/project/sc2020-main-solvers/cryptominisat-ccnr/cms/build/CMakeFiles/CMakeTmp/src.cxx
<command-line>: warning: ISO C++11 requires whitespace after the macro name
Linking CXX executable cmTC_5c85a
/home/kalind/Documents/GitHub/CS773_Comp_Arch_Perf_Sec/course_content/project/sc2020-main-solvers/cryptominisat-ccnr/cmake-3.12.0/bin/cmake -E cmake_link_script CMakeFiles/cmTC_5c85a.dir/link.txt --verbose=1
/usr/bin/c++   -DHAVE_FLAG_-fno-stack-protector    -rdynamic CMakeFiles/cmTC_5c85a.dir/src.cxx.o  -o cmTC_5c85a 
make[1]: Leaving directory '/home/kalind/Documents/GitHub/CS773_Comp_Arch_Perf_Sec/course_content/project/sc2020-main-solvers/cryptominisat-ccnr/cms/build/CMakeFiles/CMakeTmp'

Source file was:
int main() { return 0; }
Performing C++ SOURCE FILE Test HAVE_FLAG_-fvisibility=hidden succeeded with the following output:
Change Dir: /home/kalind/Documents/GitHub/CS773_Comp_Arch_Perf_Sec/course_content/project/sc2020-main-solvers/cryptominisat-ccnr/cms/build/CMakeFiles/CMakeTmp

Run Build Command:"/usr/bin/make" "cmTC_31ea8/fast"
/usr/bin/make -f CMakeFiles/cmTC_31ea8.dir/build.make CMakeFiles/cmTC_31ea8.dir/build
make[1]: Entering directory '/home/kalind/Documents/GitHub/CS773_Comp_Arch_Perf_Sec/course_content/project/sc2020-main-solvers/cryptominisat-ccnr/cms/build/CMakeFiles/CMakeTmp'
Building CXX object CMakeFiles/cmTC_31ea8.dir/src.cxx.o
/usr/bin/c++    -fno-stack-protector -DHAVE_FLAG_-fvisibility=hidden   -fvisibility=hidden -o CMakeFiles/cmTC_31ea8.dir/src.cxx.o -c /home/kalind/Documents/GitHub/CS773_Comp_Arch_Perf_Sec/course_content/project/sc2020-main-solvers/cryptominisat-ccnr/cms/build/CMakeFiles/CMakeTmp/src.cxx
<command-line>: warning: ISO C++11 requires whitespace after the macro name
Linking CXX executable cmTC_31ea8
/home/kalind/Documents/GitHub/CS773_Comp_Arch_Perf_Sec/course_content/project/sc2020-main-solvers/cryptominisat-ccnr/cmake-3.12.0/bin/cmake -E cmake_link_script CMakeFiles/cmTC_31ea8.dir/link.txt --verbose=1
/usr/bin/c++   -fno-stack-protector -DHAVE_FLAG_-fvisibility=hidden   -O2  -rdynamic CMakeFiles/cmTC_31ea8.dir/src.cxx.o  -o cmTC_31ea8 
make[1]: Leaving directory '/home/kalind/Documents/GitHub/CS773_Comp_Arch_Perf_Sec/course_content/project/sc2020-main-solvers/cryptominisat-ccnr/cms/build/CMakeFiles/CMakeTmp'

Source file was:
int main() { return 0; }
Performing C SOURCE FILE Test HAVE__FPU_SETCW succeeded with the following compile output:
Change Dir: /home/kalind/Documents/GitHub/CS773_Comp_Arch_Perf_Sec/course_content/project/sc2020-main-solvers/cryptominisat-ccnr/cms/build/CMakeFiles/CMakeTmp

Run Build Command:"/usr/bin/make" "cmTC_e72d7/fast"
/usr/bin/make -f CMakeFiles/cmTC_e72d7.dir/build.make CMakeFiles/cmTC_e72d7.dir/build
make[1]: Entering directory '/home/kalind/Documents/GitHub/CS773_Comp_Arch_Perf_Sec/course_content/project/sc2020-main-solvers/cryptominisat-ccnr/cms/build/CMakeFiles/CMakeTmp'
Building C object CMakeFiles/cmTC_e72d7.dir/src.c.o
/usr/bin/cc   -DHAVE__FPU_SETCW   -o CMakeFiles/cmTC_e72d7.dir/src.c.o   -c /home/kalind/Documents/GitHub/CS773_Comp_Arch_Perf_Sec/course_content/project/sc2020-main-solvers/cryptominisat-ccnr/cms/build/CMakeFiles/CMakeTmp/src.c
Linking C executable cmTC_e72d7
/home/kalind/Documents/GitHub/CS773_Comp_Arch_Perf_Sec/course_content/project/sc2020-main-solvers/cryptominisat-ccnr/cmake-3.12.0/bin/cmake -E cmake_link_script CMakeFiles/cmTC_e72d7.dir/link.txt --verbose=1
/usr/bin/cc  -DHAVE__FPU_SETCW    -O2 -Wl,--discard-all -Wl,--build-id=sha1 -static -Wl,--whole-archive -ldl -lpthread -Wl,--no-whole-archive -static   -rdynamic CMakeFiles/cmTC_e72d7.dir/src.c.o  -o cmTC_e72d7 
make[1]: Leaving directory '/home/kalind/Documents/GitHub/CS773_Comp_Arch_Perf_Sec/course_content/project/sc2020-main-solvers/cryptominisat-ccnr/cms/build/CMakeFiles/CMakeTmp'

...and run output:

Return value: 1
Source file was:

  #include <stdio.h>
  #include <string.h>
  #include <fpu_control.h>
 
  double div (double a, double b) {
    fpu_control_t fpu_oldcw, fpu_cw;
    volatile double result;
 
    _FPU_GETCW(fpu_oldcw);
    fpu_cw = (fpu_oldcw & ~_FPU_EXTENDED & ~_FPU_SINGLE) | _FPU_DOUBLE;
    _FPU_SETCW(fpu_cw);
    result = a / b;
    _FPU_SETCW(fpu_oldcw);
    return result;
  }
 
  int main (int argc, char **argv) {
    double d = div (2877.0, 1000000.0);
    char buf[255];
    sprintf(buf, "%.30f", d);
    // see if the result is actually in double precision
    return strncmp(buf, "0.00287699", 10) == 0 ? 0 : 1;
  }
 
Performing C++ SOURCE FILE Test HAVE_FLAG_-Wlogical-op succeeded with the following output:
Change Dir: /home/kalind/Documents/GitHub/CS773_Comp_Arch_Perf_Sec/course_content/project/sc2020-main-solvers/cryptominisat-ccnr/cms/build/CMakeFiles/CMakeTmp

Run Build Command:"/usr/bin/make" "cmTC_93007/fast"
/usr/bin/make -f CMakeFiles/cmTC_93007.dir/build.make CMakeFiles/cmTC_93007.dir/build
make[1]: Entering directory '/home/kalind/Documents/GitHub/CS773_Comp_Arch_Perf_Sec/course_content/project/sc2020-main-solvers/cryptominisat-ccnr/cms/build/CMakeFiles/CMakeTmp'
Building CXX object CMakeFiles/cmTC_93007.dir/src.cxx.o
/usr/bin/c++    -fno-stack-protector -fvisibility=hidden -DHAVE_FLAG_-Wlogical-op   -Wlogical-op -o CMakeFiles/cmTC_93007.dir/src.cxx.o -c /home/kalind/Documents/GitHub/CS773_Comp_Arch_Perf_Sec/course_content/project/sc2020-main-solvers/cryptominisat-ccnr/cms/build/CMakeFiles/CMakeTmp/src.cxx
<command-line>: warning: ISO C++11 requires whitespace after the macro name
Linking CXX executable cmTC_93007
/home/kalind/Documents/GitHub/CS773_Comp_Arch_Perf_Sec/course_content/project/sc2020-main-solvers/cryptominisat-ccnr/cmake-3.12.0/bin/cmake -E cmake_link_script CMakeFiles/cmTC_93007.dir/link.txt --verbose=1
/usr/bin/c++   -fno-stack-protector -fvisibility=hidden -DHAVE_FLAG_-Wlogical-op    -O2 -Wl,--discard-all -Wl,--build-id=sha1 -static -Wl,--whole-archive -ldl -lpthread -Wl,--no-whole-archive -static   -rdynamic CMakeFiles/cmTC_93007.dir/src.cxx.o  -o cmTC_93007 
make[1]: Leaving directory '/home/kalind/Documents/GitHub/CS773_Comp_Arch_Perf_Sec/course_content/project/sc2020-main-solvers/cryptominisat-ccnr/cms/build/CMakeFiles/CMakeTmp'

Source file was:
int main() { return 0; }
Performing C++ SOURCE FILE Test HAVE_FLAG_-Wrestrict succeeded with the following output:
Change Dir: /home/kalind/Documents/GitHub/CS773_Comp_Arch_Perf_Sec/course_content/project/sc2020-main-solvers/cryptominisat-ccnr/cms/build/CMakeFiles/CMakeTmp

Run Build Command:"/usr/bin/make" "cmTC_7dcd6/fast"
/usr/bin/make -f CMakeFiles/cmTC_7dcd6.dir/build.make CMakeFiles/cmTC_7dcd6.dir/build
make[1]: Entering directory '/home/kalind/Documents/GitHub/CS773_Comp_Arch_Perf_Sec/course_content/project/sc2020-main-solvers/cryptominisat-ccnr/cms/build/CMakeFiles/CMakeTmp'
Building CXX object CMakeFiles/cmTC_7dcd6.dir/src.cxx.o
/usr/bin/c++    -fno-stack-protector -fvisibility=hidden -Wlogical-op -DHAVE_FLAG_-Wrestrict   -Wrestrict -o CMakeFiles/cmTC_7dcd6.dir/src.cxx.o -c /home/kalind/Documents/GitHub/CS773_Comp_Arch_Perf_Sec/course_content/project/sc2020-main-solvers/cryptominisat-ccnr/cms/build/CMakeFiles/CMakeTmp/src.cxx
<command-line>: warning: ISO C++11 requires whitespace after the macro name
Linking CXX executable cmTC_7dcd6
/home/kalind/Documents/GitHub/CS773_Comp_Arch_Perf_Sec/course_content/project/sc2020-main-solvers/cryptominisat-ccnr/cmake-3.12.0/bin/cmake -E cmake_link_script CMakeFiles/cmTC_7dcd6.dir/link.txt --verbose=1
/usr/bin/c++   -fno-stack-protector -fvisibility=hidden -Wlogical-op -DHAVE_FLAG_-Wrestrict    -O2 -Wl,--discard-all -Wl,--build-id=sha1 -static -Wl,--whole-archive -ldl -lpthread -Wl,--no-whole-archive -static   -rdynamic CMakeFiles/cmTC_7dcd6.dir/src.cxx.o  -o cmTC_7dcd6 
make[1]: Leaving directory '/home/kalind/Documents/GitHub/CS773_Comp_Arch_Perf_Sec/course_content/project/sc2020-main-solvers/cryptominisat-ccnr/cms/build/CMakeFiles/CMakeTmp'

Source file was:
int main() { return 0; }
Performing C++ SOURCE FILE Test HAVE_FLAG_-Wnull-dereference succeeded with the following output:
Change Dir: /home/kalind/Documents/GitHub/CS773_Comp_Arch_Perf_Sec/course_content/project/sc2020-main-solvers/cryptominisat-ccnr/cms/build/CMakeFiles/CMakeTmp

Run Build Command:"/usr/bin/make" "cmTC_a3cc0/fast"
/usr/bin/make -f CMakeFiles/cmTC_a3cc0.dir/build.make CMakeFiles/cmTC_a3cc0.dir/build
make[1]: Entering directory '/home/kalind/Documents/GitHub/CS773_Comp_Arch_Perf_Sec/course_content/project/sc2020-main-solvers/cryptominisat-ccnr/cms/build/CMakeFiles/CMakeTmp'
Building CXX object CMakeFiles/cmTC_a3cc0.dir/src.cxx.o
/usr/bin/c++    -fno-stack-protector -fvisibility=hidden -Wlogical-op -Wrestrict -DHAVE_FLAG_-Wnull-dereference   -Wnull-dereference -o CMakeFiles/cmTC_a3cc0.dir/src.cxx.o -c /home/kalind/Documents/GitHub/CS773_Comp_Arch_Perf_Sec/course_content/project/sc2020-main-solvers/cryptominisat-ccnr/cms/build/CMakeFiles/CMakeTmp/src.cxx
<command-line>: warning: ISO C++11 requires whitespace after the macro name
Linking CXX executable cmTC_a3cc0
/home/kalind/Documents/GitHub/CS773_Comp_Arch_Perf_Sec/course_content/project/sc2020-main-solvers/cryptominisat-ccnr/cmake-3.12.0/bin/cmake -E cmake_link_script CMakeFiles/cmTC_a3cc0.dir/link.txt --verbose=1
/usr/bin/c++   -fno-stack-protector -fvisibility=hidden -Wlogical-op -Wrestrict -DHAVE_FLAG_-Wnull-dereference    -O2 -Wl,--discard-all -Wl,--build-id=sha1 -static -Wl,--whole-archive -ldl -lpthread -Wl,--no-whole-archive -static   -rdynamic CMakeFiles/cmTC_a3cc0.dir/src.cxx.o  -o cmTC_a3cc0 
make[1]: Leaving directory '/home/kalind/Documents/GitHub/CS773_Comp_Arch_Perf_Sec/course_content/project/sc2020-main-solvers/cryptominisat-ccnr/cms/build/CMakeFiles/CMakeTmp'

Source file was:
int main() { return 0; }
Performing C++ SOURCE FILE Test HAVE_FLAG_-Wdouble-promotion succeeded with the following output:
Change Dir: /home/kalind/Documents/GitHub/CS773_Comp_Arch_Perf_Sec/course_content/project/sc2020-main-solvers/cryptominisat-ccnr/cms/build/CMakeFiles/CMakeTmp

Run Build Command:"/usr/bin/make" "cmTC_d9e6e/fast"
/usr/bin/make -f CMakeFiles/cmTC_d9e6e.dir/build.make CMakeFiles/cmTC_d9e6e.dir/build
make[1]: Entering directory '/home/kalind/Documents/GitHub/CS773_Comp_Arch_Perf_Sec/course_content/project/sc2020-main-solvers/cryptominisat-ccnr/cms/build/CMakeFiles/CMakeTmp'
Building CXX object CMakeFiles/cmTC_d9e6e.dir/src.cxx.o
/usr/bin/c++    -fno-stack-protector -fvisibility=hidden -Wlogical-op -Wrestrict -Wnull-dereference -DHAVE_FLAG_-Wdouble-promotion   -Wdouble-promotion -o CMakeFiles/cmTC_d9e6e.dir/src.cxx.o -c /home/kalind/Documents/GitHub/CS773_Comp_Arch_Perf_Sec/course_content/project/sc2020-main-solvers/cryptominisat-ccnr/cms/build/CMakeFiles/CMakeTmp/src.cxx
<command-line>: warning: ISO C++11 requires whitespace after the macro name
Linking CXX executable cmTC_d9e6e
/home/kalind/Documents/GitHub/CS773_Comp_Arch_Perf_Sec/course_content/project/sc2020-main-solvers/cryptominisat-ccnr/cmake-3.12.0/bin/cmake -E cmake_link_script CMakeFiles/cmTC_d9e6e.dir/link.txt --verbose=1
/usr/bin/c++   -fno-stack-protector -fvisibility=hidden -Wlogical-op -Wrestrict -Wnull-dereference -DHAVE_FLAG_-Wdouble-promotion    -O2 -Wl,--discard-all -Wl,--build-id=sha1 -static -Wl,--whole-archive -ldl -lpthread -Wl,--no-whole-archive -static   -rdynamic CMakeFiles/cmTC_d9e6e.dir/src.cxx.o  -o cmTC_d9e6e 
make[1]: Leaving directory '/home/kalind/Documents/GitHub/CS773_Comp_Arch_Perf_Sec/course_content/project/sc2020-main-solvers/cryptominisat-ccnr/cms/build/CMakeFiles/CMakeTmp'

Source file was:
int main() { return 0; }
Performing C++ SOURCE FILE Test HAVE_FLAG_-Wshadow succeeded with the following output:
Change Dir: /home/kalind/Documents/GitHub/CS773_Comp_Arch_Perf_Sec/course_content/project/sc2020-main-solvers/cryptominisat-ccnr/cms/build/CMakeFiles/CMakeTmp

Run Build Command:"/usr/bin/make" "cmTC_ce587/fast"
/usr/bin/make -f CMakeFiles/cmTC_ce587.dir/build.make CMakeFiles/cmTC_ce587.dir/build
make[1]: Entering directory '/home/kalind/Documents/GitHub/CS773_Comp_Arch_Perf_Sec/course_content/project/sc2020-main-solvers/cryptominisat-ccnr/cms/build/CMakeFiles/CMakeTmp'
Building CXX object CMakeFiles/cmTC_ce587.dir/src.cxx.o
/usr/bin/c++    -fno-stack-protector -fvisibility=hidden -Wlogical-op -Wrestrict -Wnull-dereference -Wdouble-promotion -DHAVE_FLAG_-Wshadow   -Wshadow -o CMakeFiles/cmTC_ce587.dir/src.cxx.o -c /home/kalind/Documents/GitHub/CS773_Comp_Arch_Perf_Sec/course_content/project/sc2020-main-solvers/cryptominisat-ccnr/cms/build/CMakeFiles/CMakeTmp/src.cxx
<command-line>: warning: ISO C++11 requires whitespace after the macro name
Linking CXX executable cmTC_ce587
/home/kalind/Documents/GitHub/CS773_Comp_Arch_Perf_Sec/course_content/project/sc2020-main-solvers/cryptominisat-ccnr/cmake-3.12.0/bin/cmake -E cmake_link_script CMakeFiles/cmTC_ce587.dir/link.txt --verbose=1
/usr/bin/c++   -fno-stack-protector -fvisibility=hidden -Wlogical-op -Wrestrict -Wnull-dereference -Wdouble-promotion -DHAVE_FLAG_-Wshadow    -O2 -Wl,--discard-all -Wl,--build-id=sha1 -static -Wl,--whole-archive -ldl -lpthread -Wl,--no-whole-archive -static   -rdynamic CMakeFiles/cmTC_ce587.dir/src.cxx.o  -o cmTC_ce587 
make[1]: Leaving directory '/home/kalind/Documents/GitHub/CS773_Comp_Arch_Perf_Sec/course_content/project/sc2020-main-solvers/cryptominisat-ccnr/cms/build/CMakeFiles/CMakeTmp'

Source file was:
int main() { return 0; }
Performing C++ SOURCE FILE Test HAVE_FLAG_-Wformat=2 succeeded with the following output:
Change Dir: /home/kalind/Documents/GitHub/CS773_Comp_Arch_Perf_Sec/course_content/project/sc2020-main-solvers/cryptominisat-ccnr/cms/build/CMakeFiles/CMakeTmp

Run Build Command:"/usr/bin/make" "cmTC_1d4a9/fast"
/usr/bin/make -f CMakeFiles/cmTC_1d4a9.dir/build.make CMakeFiles/cmTC_1d4a9.dir/build
make[1]: Entering directory '/home/kalind/Documents/GitHub/CS773_Comp_Arch_Perf_Sec/course_content/project/sc2020-main-solvers/cryptominisat-ccnr/cms/build/CMakeFiles/CMakeTmp'
Building CXX object CMakeFiles/cmTC_1d4a9.dir/src.cxx.o
/usr/bin/c++    -fno-stack-protector -fvisibility=hidden -Wlogical-op -Wrestrict -Wnull-dereference -Wdouble-promotion -Wshadow -DHAVE_FLAG_-Wformat=2   -Wformat=2 -o CMakeFiles/cmTC_1d4a9.dir/src.cxx.o -c /home/kalind/Documents/GitHub/CS773_Comp_Arch_Perf_Sec/course_content/project/sc2020-main-solvers/cryptominisat-ccnr/cms/build/CMakeFiles/CMakeTmp/src.cxx
<command-line>: warning: ISO C++11 requires whitespace after the macro name
Linking CXX executable cmTC_1d4a9
/home/kalind/Documents/GitHub/CS773_Comp_Arch_Perf_Sec/course_content/project/sc2020-main-solvers/cryptominisat-ccnr/cmake-3.12.0/bin/cmake -E cmake_link_script CMakeFiles/cmTC_1d4a9.dir/link.txt --verbose=1
/usr/bin/c++   -fno-stack-protector -fvisibility=hidden -Wlogical-op -Wrestrict -Wnull-dereference -Wdouble-promotion -Wshadow -DHAVE_FLAG_-Wformat=2    -O2 -Wl,--discard-all -Wl,--build-id=sha1 -static -Wl,--whole-archive -ldl -lpthread -Wl,--no-whole-archive -static   -rdynamic CMakeFiles/cmTC_1d4a9.dir/src.cxx.o  -o cmTC_1d4a9 
make[1]: Leaving directory '/home/kalind/Documents/GitHub/CS773_Comp_Arch_Perf_Sec/course_content/project/sc2020-main-solvers/cryptominisat-ccnr/cms/build/CMakeFiles/CMakeTmp'

Source file was:
int main() { return 0; }
Performing C++ SOURCE FILE Test HAVE_FLAG_-Wextra-semi succeeded with the following output:
Change Dir: /home/kalind/Documents/GitHub/CS773_Comp_Arch_Perf_Sec/course_content/project/sc2020-main-solvers/cryptominisat-ccnr/cms/build/CMakeFiles/CMakeTmp

Run Build Command:"/usr/bin/make" "cmTC_700f7/fast"
/usr/bin/make -f CMakeFiles/cmTC_700f7.dir/build.make CMakeFiles/cmTC_700f7.dir/build
make[1]: Entering directory '/home/kalind/Documents/GitHub/CS773_Comp_Arch_Perf_Sec/course_content/project/sc2020-main-solvers/cryptominisat-ccnr/cms/build/CMakeFiles/CMakeTmp'
Building CXX object CMakeFiles/cmTC_700f7.dir/src.cxx.o
/usr/bin/c++    -fno-stack-protector -fvisibility=hidden -Wlogical-op -Wrestrict -Wnull-dereference -Wdouble-promotion -Wshadow -Wformat=2 -DHAVE_FLAG_-Wextra-semi   -Wextra-semi -o CMakeFiles/cmTC_700f7.dir/src.cxx.o -c /home/kalind/Documents/GitHub/CS773_Comp_Arch_Perf_Sec/course_content/project/sc2020-main-solvers/cryptominisat-ccnr/cms/build/CMakeFiles/CMakeTmp/src.cxx
<command-line>: warning: ISO C++11 requires whitespace after the macro name
Linking CXX executable cmTC_700f7
/home/kalind/Documents/GitHub/CS773_Comp_Arch_Perf_Sec/course_content/project/sc2020-main-solvers/cryptominisat-ccnr/cmake-3.12.0/bin/cmake -E cmake_link_script CMakeFiles/cmTC_700f7.dir/link.txt --verbose=1
/usr/bin/c++   -fno-stack-protector -fvisibility=hidden -Wlogical-op -Wrestrict -Wnull-dereference -Wdouble-promotion -Wshadow -Wformat=2 -DHAVE_FLAG_-Wextra-semi    -O2 -Wl,--discard-all -Wl,--build-id=sha1 -static -Wl,--whole-archive -ldl -lpthread -Wl,--no-whole-archive -static   -rdynamic CMakeFiles/cmTC_700f7.dir/src.cxx.o  -o cmTC_700f7 
make[1]: Leaving directory '/home/kalind/Documents/GitHub/CS773_Comp_Arch_Perf_Sec/course_content/project/sc2020-main-solvers/cryptominisat-ccnr/cms/build/CMakeFiles/CMakeTmp'

Source file was:
int main() { return 0; }
Performing C++ SOURCE FILE Test HAVE_FLAG_-pedantic succeeded with the following output:
Change Dir: /home/kalind/Documents/GitHub/CS773_Comp_Arch_Perf_Sec/course_content/project/sc2020-main-solvers/cryptominisat-ccnr/cms/build/CMakeFiles/CMakeTmp

Run Build Command:"/usr/bin/make" "cmTC_33451/fast"
/usr/bin/make -f CMakeFiles/cmTC_33451.dir/build.make CMakeFiles/cmTC_33451.dir/build
make[1]: Entering directory '/home/kalind/Documents/GitHub/CS773_Comp_Arch_Perf_Sec/course_content/project/sc2020-main-solvers/cryptominisat-ccnr/cms/build/CMakeFiles/CMakeTmp'
Building CXX object CMakeFiles/cmTC_33451.dir/src.cxx.o
/usr/bin/c++    -fno-stack-protector -fvisibility=hidden -Wlogical-op -Wrestrict -Wnull-dereference -Wdouble-promotion -Wshadow -Wformat=2 -Wextra-semi -DHAVE_FLAG_-pedantic   -pedantic -o CMakeFiles/cmTC_33451.dir/src.cxx.o -c /home/kalind/Documents/GitHub/CS773_Comp_Arch_Perf_Sec/course_content/project/sc2020-main-solvers/cryptominisat-ccnr/cms/build/CMakeFiles/CMakeTmp/src.cxx
<command-line>: warning: ISO C++11 requires whitespace after the macro name
Linking CXX executable cmTC_33451
/home/kalind/Documents/GitHub/CS773_Comp_Arch_Perf_Sec/course_content/project/sc2020-main-solvers/cryptominisat-ccnr/cmake-3.12.0/bin/cmake -E cmake_link_script CMakeFiles/cmTC_33451.dir/link.txt --verbose=1
/usr/bin/c++   -fno-stack-protector -fvisibility=hidden -Wlogical-op -Wrestrict -Wnull-dereference -Wdouble-promotion -Wshadow -Wformat=2 -Wextra-semi -DHAVE_FLAG_-pedantic    -O2 -Wl,--discard-all -Wl,--build-id=sha1 -static -Wl,--whole-archive -ldl -lpthread -Wl,--no-whole-archive -static   -rdynamic CMakeFiles/cmTC_33451.dir/src.cxx.o  -o cmTC_33451 
make[1]: Leaving directory '/home/kalind/Documents/GitHub/CS773_Comp_Arch_Perf_Sec/course_content/project/sc2020-main-solvers/cryptominisat-ccnr/cms/build/CMakeFiles/CMakeTmp'

Source file was:
int main() { return 0; }
Performing C++ SOURCE FILE Test COMPILER_HAS_HIDDEN_VISIBILITY succeeded with the following output:
Change Dir: /home/kalind/Documents/GitHub/CS773_Comp_Arch_Perf_Sec/course_content/project/sc2020-main-solvers/cryptominisat-ccnr/cms/build/CMakeFiles/CMakeTmp

Run Build Command:"/usr/bin/make" "cmTC_b6b09/fast"
/usr/bin/make -f CMakeFiles/cmTC_b6b09.dir/build.make CMakeFiles/cmTC_b6b09.dir/build
make[1]: Entering directory '/home/kalind/Documents/GitHub/CS773_Comp_Arch_Perf_Sec/course_content/project/sc2020-main-solvers/cryptominisat-ccnr/cms/build/CMakeFiles/CMakeTmp'
Building CXX object CMakeFiles/cmTC_b6b09.dir/src.cxx.o
/usr/bin/c++    -fno-stack-protector -fvisibility=hidden -Wlogical-op -Wrestrict -Wnull-dereference -Wdouble-promotion -Wshadow -Wformat=2 -Wextra-semi -pedantic -DCOMPILER_HAS_HIDDEN_VISIBILITY   -fvisibility=hidden -o CMakeFiles/cmTC_b6b09.dir/src.cxx.o -c /home/kalind/Documents/GitHub/CS773_Comp_Arch_Perf_Sec/course_content/project/sc2020-main-solvers/cryptominisat-ccnr/cms/build/CMakeFiles/CMakeTmp/src.cxx
Linking CXX executable cmTC_b6b09
/home/kalind/Documents/GitHub/CS773_Comp_Arch_Perf_Sec/course_content/project/sc2020-main-solvers/cryptominisat-ccnr/cmake-3.12.0/bin/cmake -E cmake_link_script CMakeFiles/cmTC_b6b09.dir/link.txt --verbose=1
/usr/bin/c++   -fno-stack-protector -fvisibility=hidden -Wlogical-op -Wrestrict -Wnull-dereference -Wdouble-promotion -Wshadow -Wformat=2 -Wextra-semi -pedantic -DCOMPILER_HAS_HIDDEN_VISIBILITY    -O2 -Wl,--discard-all -Wl,--build-id=sha1 -static -Wl,--whole-archive -ldl -lpthread -Wl,--no-whole-archive -static   -rdynamic CMakeFiles/cmTC_b6b09.dir/src.cxx.o  -o cmTC_b6b09 
make[1]: Leaving directory '/home/kalind/Documents/GitHub/CS773_Comp_Arch_Perf_Sec/course_content/project/sc2020-main-solvers/cryptominisat-ccnr/cms/build/CMakeFiles/CMakeTmp'

Source file was:
int main() { return 0; }
Performing C++ SOURCE FILE Test COMPILER_HAS_HIDDEN_INLINE_VISIBILITY succeeded with the following output:
Change Dir: /home/kalind/Documents/GitHub/CS773_Comp_Arch_Perf_Sec/course_content/project/sc2020-main-solvers/cryptominisat-ccnr/cms/build/CMakeFiles/CMakeTmp

Run Build Command:"/usr/bin/make" "cmTC_3f941/fast"
/usr/bin/make -f CMakeFiles/cmTC_3f941.dir/build.make CMakeFiles/cmTC_3f941.dir/build
make[1]: Entering directory '/home/kalind/Documents/GitHub/CS773_Comp_Arch_Perf_Sec/course_content/project/sc2020-main-solvers/cryptominisat-ccnr/cms/build/CMakeFiles/CMakeTmp'
Building CXX object CMakeFiles/cmTC_3f941.dir/src.cxx.o
/usr/bin/c++    -fno-stack-protector -fvisibility=hidden -Wlogical-op -Wrestrict -Wnull-dereference -Wdouble-promotion -Wshadow -Wformat=2 -Wextra-semi -pedantic -DCOMPILER_HAS_HIDDEN_INLINE_VISIBILITY   -fvisibility-inlines-hidden -o CMakeFiles/cmTC_3f941.dir/src.cxx.o -c /home/kalind/Documents/GitHub/CS773_Comp_Arch_Perf_Sec/course_content/project/sc2020-main-solvers/cryptominisat-ccnr/cms/build/CMakeFiles/CMakeTmp/src.cxx
Linking CXX executable cmTC_3f941
/home/kalind/Documents/GitHub/CS773_Comp_Arch_Perf_Sec/course_content/project/sc2020-main-solvers/cryptominisat-ccnr/cmake-3.12.0/bin/cmake -E cmake_link_script CMakeFiles/cmTC_3f941.dir/link.txt --verbose=1
/usr/bin/c++   -fno-stack-protector -fvisibility=hidden -Wlogical-op -Wrestrict -Wnull-dereference -Wdouble-promotion -Wshadow -Wformat=2 -Wextra-semi -pedantic -DCOMPILER_HAS_HIDDEN_INLINE_VISIBILITY    -O2 -Wl,--discard-all -Wl,--build-id=sha1 -static -Wl,--whole-archive -ldl -lpthread -Wl,--no-whole-archive -static   -rdynamic CMakeFiles/cmTC_3f941.dir/src.cxx.o  -o cmTC_3f941 
make[1]: Leaving directory '/home/kalind/Documents/GitHub/CS773_Comp_Arch_Perf_Sec/course_content/project/sc2020-main-solvers/cryptominisat-ccnr/cms/build/CMakeFiles/CMakeTmp'

Source file was:
int main() { return 0; }
Performing C++ SOURCE FILE Test COMPILER_HAS_DEPRECATED_ATTR succeeded with the following output:
Change Dir: /home/kalind/Documents/GitHub/CS773_Comp_Arch_Perf_Sec/course_content/project/sc2020-main-solvers/cryptominisat-ccnr/cms/build/CMakeFiles/CMakeTmp

Run Build Command:"/usr/bin/make" "cmTC_27b0b/fast"
/usr/bin/make -f CMakeFiles/cmTC_27b0b.dir/build.make CMakeFiles/cmTC_27b0b.dir/build
make[1]: Entering directory '/home/kalind/Documents/GitHub/CS773_Comp_Arch_Perf_Sec/course_content/project/sc2020-main-solvers/cryptominisat-ccnr/cms/build/CMakeFiles/CMakeTmp'
Building CXX object CMakeFiles/cmTC_27b0b.dir/src.cxx.o
/usr/bin/c++    -fno-stack-protector -fvisibility=hidden -Wlogical-op -Wrestrict -Wnull-dereference -Wdouble-promotion -Wshadow -Wformat=2 -Wextra-semi -pedantic -DCOMPILER_HAS_DEPRECATED_ATTR   -o CMakeFiles/cmTC_27b0b.dir/src.cxx.o -c /home/kalind/Documents/GitHub/CS773_Comp_Arch_Perf_Sec/course_content/project/sc2020-main-solvers/cryptominisat-ccnr/cms/build/CMakeFiles/CMakeTmp/src.cxx
/home/kalind/Documents/GitHub/CS773_Comp_Arch_Perf_Sec/course_content/project/sc2020-main-solvers/cryptominisat-ccnr/cms/build/CMakeFiles/CMakeTmp/src.cxx: In function int main():
/home/kalind/Documents/GitHub/CS773_Comp_Arch_Perf_Sec/course_content/project/sc2020-main-solvers/cryptominisat-ccnr/cms/build/CMakeFiles/CMakeTmp/src.cxx:2:34: warning: int somefunc() is deprecated [-Wdeprecated-declarations]
    2 |     int main() { return somefunc();}
      |                                  ^
/home/kalind/Documents/GitHub/CS773_Comp_Arch_Perf_Sec/course_content/project/sc2020-main-solvers/cryptominisat-ccnr/cms/build/CMakeFiles/CMakeTmp/src.cxx:1:37: note: declared here
    1 | __attribute__((__deprecated__)) int somefunc() { return 0; }
      |                                     ^~~~~~~~
/home/kalind/Documents/GitHub/CS773_Comp_Arch_Perf_Sec/course_content/project/sc2020-main-solvers/cryptominisat-ccnr/cms/build/CMakeFiles/CMakeTmp/src.cxx:2:34: warning: int somefunc() is deprecated [-Wdeprecated-declarations]
    2 |     int main() { return somefunc();}
      |                                  ^
/home/kalind/Documents/GitHub/CS773_Comp_Arch_Perf_Sec/course_content/project/sc2020-main-solvers/cryptominisat-ccnr/cms/build/CMakeFiles/CMakeTmp/src.cxx:1:37: note: declared here
    1 | __attribute__((__deprecated__)) int somefunc() { return 0; }
      |                                     ^~~~~~~~
Linking CXX executable cmTC_27b0b
/home/kalind/Documents/GitHub/CS773_Comp_Arch_Perf_Sec/course_content/project/sc2020-main-solvers/cryptominisat-ccnr/cmake-3.12.0/bin/cmake -E cmake_link_script CMakeFiles/cmTC_27b0b.dir/link.txt --verbose=1
/usr/bin/c++   -fno-stack-protector -fvisibility=hidden -Wlogical-op -Wrestrict -Wnull-dereference -Wdouble-promotion -Wshadow -Wformat=2 -Wextra-semi -pedantic -DCOMPILER_HAS_DEPRECATED_ATTR    -O2 -Wl,--discard-all -Wl,--build-id=sha1 -static -Wl,--whole-archive -ldl -lpthread -Wl,--no-whole-archive -static   -rdynamic CMakeFiles/cmTC_27b0b.dir/src.cxx.o  -o cmTC_27b0b 
make[1]: Leaving directory '/home/kalind/Documents/GitHub/CS773_Comp_Arch_Perf_Sec/course_content/project/sc2020-main-solvers/cryptominisat-ccnr/cms/build/CMakeFiles/CMakeTmp'

Source file was:
__attribute__((__deprecated__)) int somefunc() { return 0; }
    int main() { return somefunc();}
