Determining if the function wsyncup exists in the /usr/lib/x86_64-linux-gnu/libcurses.so passed with the following output:
Change Dir: /home/kalind/Documents/GitHub/CS773_Comp_Arch_Perf_Sec/course_content/project/sc2020-main-solvers/cryptominisat-ccnr/cmake-3.12.0/Source/Checks/Curses-build/CMakeFiles/CMakeTmp

Run Build Command:"/usr/bin/make" "cmTC_2faba/fast"
make -f CMakeFiles/cmTC_2faba.dir/build.make CMakeFiles/cmTC_2faba.dir/build
make[1]: Entering directory '/home/kalind/Documents/GitHub/CS773_Comp_Arch_Perf_Sec/course_content/project/sc2020-main-solvers/cryptominisat-ccnr/cmake-3.12.0/Source/Checks/Curses-build/CMakeFiles/CMakeTmp'
Building C object CMakeFiles/cmTC_2faba.dir/CheckFunctionExists.c.o
/usr/bin/gcc   -DCHECK_FUNCTION_EXISTS=wsyncup   -o CMakeFiles/cmTC_2faba.dir/CheckFunctionExists.c.o   -c /home/kalind/Documents/GitHub/CS773_Comp_Arch_Perf_Sec/course_content/project/sc2020-main-solvers/cryptominisat-ccnr/cmake-3.12.0/Modules/CheckFunctionExists.c
Linking C executable cmTC_2faba
/home/kalind/Documents/GitHub/CS773_Comp_Arch_Perf_Sec/course_content/project/sc2020-main-solvers/cryptominisat-ccnr/cmake-3.12.0/Bootstrap.cmk/cmake -E cmake_link_script CMakeFiles/cmTC_2faba.dir/link.txt --verbose=1
/usr/bin/gcc  -DCHECK_FUNCTION_EXISTS=wsyncup    -rdynamic CMakeFiles/cmTC_2faba.dir/CheckFunctionExists.c.o  -o cmTC_2faba -lcurses 
make[1]: Leaving directory '/home/kalind/Documents/GitHub/CS773_Comp_Arch_Perf_Sec/course_content/project/sc2020-main-solvers/cryptominisat-ccnr/cmake-3.12.0/Source/Checks/Curses-build/CMakeFiles/CMakeTmp'


Determining if the function cbreak exists in the /usr/lib/x86_64-linux-gnu/libncurses.so passed with the following output:
Change Dir: /home/kalind/Documents/GitHub/CS773_Comp_Arch_Perf_Sec/course_content/project/sc2020-main-solvers/cryptominisat-ccnr/cmake-3.12.0/Source/Checks/Curses-build/CMakeFiles/CMakeTmp

Run Build Command:"/usr/bin/make" "cmTC_c1d1b/fast"
make -f CMakeFiles/cmTC_c1d1b.dir/build.make CMakeFiles/cmTC_c1d1b.dir/build
make[1]: Entering directory '/home/kalind/Documents/GitHub/CS773_Comp_Arch_Perf_Sec/course_content/project/sc2020-main-solvers/cryptominisat-ccnr/cmake-3.12.0/Source/Checks/Curses-build/CMakeFiles/CMakeTmp'
Building C object CMakeFiles/cmTC_c1d1b.dir/CheckFunctionExists.c.o
/usr/bin/gcc   -DCHECK_FUNCTION_EXISTS=cbreak   -o CMakeFiles/cmTC_c1d1b.dir/CheckFunctionExists.c.o   -c /home/kalind/Documents/GitHub/CS773_Comp_Arch_Perf_Sec/course_content/project/sc2020-main-solvers/cryptominisat-ccnr/cmake-3.12.0/Modules/CheckFunctionExists.c
Linking C executable cmTC_c1d1b
/home/kalind/Documents/GitHub/CS773_Comp_Arch_Perf_Sec/course_content/project/sc2020-main-solvers/cryptominisat-ccnr/cmake-3.12.0/Bootstrap.cmk/cmake -E cmake_link_script CMakeFiles/cmTC_c1d1b.dir/link.txt --verbose=1
/usr/bin/gcc  -DCHECK_FUNCTION_EXISTS=cbreak    -rdynamic CMakeFiles/cmTC_c1d1b.dir/CheckFunctionExists.c.o  -o cmTC_c1d1b -lncurses 
make[1]: Leaving directory '/home/kalind/Documents/GitHub/CS773_Comp_Arch_Perf_Sec/course_content/project/sc2020-main-solvers/cryptominisat-ccnr/cmake-3.12.0/Source/Checks/Curses-build/CMakeFiles/CMakeTmp'


