This file contains any messages produced by compilers while
running configure, to aid debugging if configure makes a mistake.

It was created by m4ri configure 20200125, which was
generated by GNU Autoconf 2.69.  Invocation command line was

  $ ./configure --prefix=/home/kalind/Documents/GitHub/CS773_Comp_Arch_Perf_Sec/course_content/project/sc2020-main-solvers/cryptominisat-ccnr/m4ri-20200125/myinstall

## --------- ##
## Platform. ##
## --------- ##

hostname = kalind-erts
uname -m = x86_64
uname -r = 5.15.0-52-generic
uname -s = Linux
uname -v = #58~20.04.1-Ubuntu SMP Thu Oct 13 13:09:46 UTC 2022

/usr/bin/uname -p = x86_64
/bin/uname -X     = unknown

/bin/arch              = x86_64
/usr/bin/arch -k       = unknown
/usr/convex/getsysinfo = unknown
/usr/bin/hostinfo      = unknown
/bin/machine           = unknown
/usr/bin/oslevel       = unknown
/bin/universe          = unknown

PATH: /home/krish/miniconda3/bin
PATH: /home/kalind/esp/esp-idf/tools
PATH: /home/kalind/esp/xtensa-esp32-elf/bin
PATH: /opt/tools/bsc/latest/bin
PATH: /home/kalind/src/anaconda3/bin
PATH: /home/kalind/.cargo/bin
PATH: /home/kalind/.local/bin
PATH: /usr/local/sbin
PATH: /usr/local/bin
PATH: /usr/sbin
PATH: /usr/bin
PATH: /sbin
PATH: /bin
PATH: /usr/games
PATH: /usr/local/games
PATH: /snap/bin
PATH: /home/krish/.local/share/coursier/bin


## ----------- ##
## Core tests. ##
## ----------- ##

configure:2318: checking build system type
configure:2332: result: x86_64-pc-linux-gnu
configure:2352: checking host system type
configure:2365: result: x86_64-pc-linux-gnu
configure:2404: checking for a BSD-compatible install
configure:2472: result: /usr/bin/install -c
configure:2483: checking whether build environment is sane
configure:2538: result: yes
configure:2687: checking for a thread-safe mkdir -p
configure:2726: result: /usr/bin/mkdir -p
configure:2733: checking for gawk
configure:2763: result: no
configure:2733: checking for mawk
configure:2749: found /usr/bin/mawk
configure:2760: result: mawk
configure:2771: checking whether make sets $(MAKE)
configure:2793: result: yes
configure:2822: checking whether make supports nested variables
configure:2839: result: yes
configure:2967: checking whether to enable maintainer-specific portions of Makefiles
configure:2976: result: no
configure:2996: checking whether make supports the include directive
configure:3011: make -f confmf.GNU && cat confinc.out
this is the am__doit target
configure:3014: $? = 0
configure:3033: result: yes (GNU style)
configure:3103: checking for gcc
configure:3119: found /usr/bin/gcc
configure:3130: result: gcc
configure:3359: checking for C compiler version
configure:3368: gcc --version >&5
gcc (Ubuntu 9.4.0-1ubuntu1~20.04.1) 9.4.0
Copyright (C) 2019 Free Software Foundation, Inc.
This is free software; see the source for copying conditions.  There is NO
warranty; not even for MERCHANTABILITY or FITNESS FOR A PARTICULAR PURPOSE.

configure:3379: $? = 0
configure:3368: gcc -v >&5
Using built-in specs.
COLLECT_GCC=gcc
COLLECT_LTO_WRAPPER=/usr/lib/gcc/x86_64-linux-gnu/9/lto-wrapper
OFFLOAD_TARGET_NAMES=nvptx-none:hsa
OFFLOAD_TARGET_DEFAULT=1
Target: x86_64-linux-gnu
Configured with: ../src/configure -v --with-pkgversion='Ubuntu 9.4.0-1ubuntu1~20.04.1' --with-bugurl=file:///usr/share/doc/gcc-9/README.Bugs --enable-languages=c,ada,c++,go,brig,d,fortran,objc,obj-c++,gm2 --prefix=/usr --with-gcc-major-version-only --program-suffix=-9 --program-prefix=x86_64-linux-gnu- --enable-shared --enable-linker-build-id --libexecdir=/usr/lib --without-included-gettext --enable-threads=posix --libdir=/usr/lib --enable-nls --enable-clocale=gnu --enable-libstdcxx-debug --enable-libstdcxx-time=yes --with-default-libstdcxx-abi=new --enable-gnu-unique-object --disable-vtable-verify --enable-plugin --enable-default-pie --with-system-zlib --with-target-system-zlib=auto --enable-objc-gc=auto --enable-multiarch --disable-werror --with-arch-32=i686 --with-abi=m64 --with-multilib-list=m32,m64,mx32 --enable-multilib --with-tune=generic --enable-offload-targets=nvptx-none=/build/gcc-9-Av3uEd/gcc-9-9.4.0/debian/tmp-nvptx/usr,hsa --without-cuda-driver --enable-checking=release --build=x86_64-linux-gnu --host=x86_64-linux-gnu --target=x86_64-linux-gnu
Thread model: posix
gcc version 9.4.0 (Ubuntu 9.4.0-1ubuntu1~20.04.1) 
configure:3379: $? = 0
configure:3368: gcc -V >&5
gcc: error: unrecognized command line option '-V'
gcc: fatal error: no input files
compilation terminated.
configure:3379: $? = 1
configure:3368: gcc -qversion >&5
gcc: error: unrecognized command line option '-qversion'; did you mean '--version'?
gcc: fatal error: no input files
compilation terminated.
configure:3379: $? = 1
configure:3399: checking whether the C compiler works
configure:3421: gcc    conftest.c  >&5
configure:3425: $? = 0
configure:3473: result: yes
configure:3476: checking for C compiler default output file name
configure:3478: result: a.out
configure:3484: checking for suffix of executables
configure:3491: gcc -o conftest    conftest.c  >&5
configure:3495: $? = 0
configure:3517: result: 
configure:3539: checking whether we are cross compiling
configure:3547: gcc -o conftest    conftest.c  >&5
configure:3551: $? = 0
configure:3558: ./conftest
configure:3562: $? = 0
configure:3550: result: no
configure:3555: checking for suffix of object files
configure:3577: gcc -c   conftest.c >&5
configure:3581: $? = 0
configure:3602: result: o
configure:3606: checking whether we are using the GNU C compiler
configure:3625: gcc -c   conftest.c >&5
configure:3625: $? = 0
configure:3634: result: yes
configure:3643: checking whether gcc accepts -g
configure:3663: gcc -c -g  conftest.c >&5
configure:3663: $? = 0
configure:3704: result: yes
configure:3721: checking for gcc option to accept ISO C89
configure:3784: gcc  -c -g -O2  conftest.c >&5
configure:3784: $? = 0
configure:3797: result: none needed
configure:3822: checking whether gcc understands -c and -o together
configure:3844: gcc -c conftest.c -o conftest2.o
configure:3847: $? = 0
configure:3844: gcc -c conftest.c -o conftest2.o
configure:3847: $? = 0
configure:3859: result: yes
configure:3878: checking dependency style of gcc
configure:3989: result: gcc3
configure:4052: checking how to print strings
configure:4079: result: printf
configure:4100: checking for a sed that does not truncate output
configure:4164: result: /usr/bin/sed
configure:4182: checking for grep that handles long lines and -e
configure:4240: result: /usr/bin/grep
configure:4245: checking for egrep
configure:4307: result: /usr/bin/grep -E
configure:4312: checking for fgrep
configure:4374: result: /usr/bin/grep -F
configure:4409: checking for ld used by gcc
configure:4476: result: /usr/bin/ld
configure:4483: checking if the linker (/usr/bin/ld) is GNU ld
configure:4498: result: yes
configure:4510: checking for BSD- or MS-compatible name lister (nm)
configure:4564: result: /usr/bin/nm -B
configure:4694: checking the name lister (/usr/bin/nm -B) interface
configure:4701: gcc -c -g -O2  conftest.c >&5
configure:4704: /usr/bin/nm -B "conftest.o"
configure:4707: output
0000000000000000 B some_variable
configure:4708: result: BSD nm
configure:4711: checking whether ln -s works
configure:4715: result: yes
configure:4723: checking the maximum length of command line arguments
configure:4854: result: 1572864
configure:4902: checking how to convert x86_64-pc-linux-gnu file names to x86_64-pc-linux-gnu format
configure:4942: result: func_convert_file_noop
configure:4949: checking how to convert x86_64-pc-linux-gnu file names to toolchain format
configure:4969: result: func_convert_file_noop
configure:4976: checking for /usr/bin/ld option to reload object files
configure:4983: result: -r
configure:5057: checking for objdump
configure:5073: found /usr/bin/objdump
configure:5084: result: objdump
configure:5116: checking how to recognize dependent libraries
configure:5316: result: pass_all
configure:5401: checking for dlltool
configure:5431: result: no
configure:5461: checking how to associate runtime and link libraries
configure:5488: result: printf %s\n
configure:5549: checking for ar
configure:5565: found /usr/bin/ar
configure:5576: result: ar
configure:5613: checking for archiver @FILE support
configure:5630: gcc -c -g -O2  conftest.c >&5
configure:5630: $? = 0
configure:5633: ar cru libconftest.a @conftest.lst >&5
ar: `u' modifier ignored since `D' is the default (see `U')
configure:5636: $? = 0
configure:5641: ar cru libconftest.a @conftest.lst >&5
ar: `u' modifier ignored since `D' is the default (see `U')
ar: conftest.o: No such file or directory
configure:5644: $? = 1
configure:5643: result: @
configure:5701: checking for strip
configure:5717: found /usr/bin/strip
configure:5728: result: strip
configure:5800: checking for ranlib
configure:5816: found /usr/bin/ranlib
configure:5827: result: ranlib
configure:5929: checking command to parse /usr/bin/nm -B output from gcc object
configure:6082: gcc -c -g -O2  conftest.c >&5
configure:6085: $? = 0
configure:6089: /usr/bin/nm -B conftest.o \| sed -n -e 's/^.*[ ]\([ABCDGIRSTW][ABCDGIRSTW]*\)[ ][ ]*\([_A-Za-z][_A-Za-z0-9]*\)$/\1 \2 \2/p' | sed '/ __gnu_lto/d' \> conftest.nm
configure:6092: $? = 0
configure:6158: gcc -o conftest -g -O2   conftest.c conftstm.o >&5
configure:6161: $? = 0
configure:6199: result: ok
configure:6246: checking for sysroot
configure:6276: result: no
configure:6283: checking for a working dd
configure:6321: result: /usr/bin/dd
configure:6325: checking how to truncate binary pipes
configure:6340: result: /usr/bin/dd bs=4096 count=1
configure:6476: gcc -c -g -O2  conftest.c >&5
configure:6479: $? = 0
configure:6669: checking for mt
configure:6685: found /usr/bin/mt
configure:6696: result: mt
configure:6719: checking if mt is a manifest tool
configure:6725: mt '-?'
configure:6733: result: no
configure:7410: checking how to run the C preprocessor
configure:7441: gcc -E  conftest.c
configure:7441: $? = 0
configure:7455: gcc -E  conftest.c
conftest.c:11:10: fatal error: ac_nonexistent.h: No such file or directory
   11 | #include <ac_nonexistent.h>
      |          ^~~~~~~~~~~~~~~~~~
compilation terminated.
configure:7455: $? = 1
configure: failed program was:
| /* confdefs.h */
| #define PACKAGE_NAME "m4ri"
| #define PACKAGE_TARNAME "m4ri"
| #define PACKAGE_VERSION "20200125"
| #define PACKAGE_STRING "m4ri 20200125"
| #define PACKAGE_BUGREPORT ""
| #define PACKAGE_URL ""
| #define PACKAGE "m4ri"
| #define VERSION "20200125"
| /* end confdefs.h.  */
| #include <ac_nonexistent.h>
configure:7480: result: gcc -E
configure:7500: gcc -E  conftest.c
configure:7500: $? = 0
configure:7514: gcc -E  conftest.c
conftest.c:11:10: fatal error: ac_nonexistent.h: No such file or directory
   11 | #include <ac_nonexistent.h>
      |          ^~~~~~~~~~~~~~~~~~
compilation terminated.
configure:7514: $? = 1
configure: failed program was:
| /* confdefs.h */
| #define PACKAGE_NAME "m4ri"
| #define PACKAGE_TARNAME "m4ri"
| #define PACKAGE_VERSION "20200125"
| #define PACKAGE_STRING "m4ri 20200125"
| #define PACKAGE_BUGREPORT ""
| #define PACKAGE_URL ""
| #define PACKAGE "m4ri"
| #define VERSION "20200125"
| /* end confdefs.h.  */
| #include <ac_nonexistent.h>
configure:7543: checking for ANSI C header files
configure:7563: gcc -c -g -O2  conftest.c >&5
configure:7563: $? = 0
configure:7636: gcc -o conftest -g -O2   conftest.c  >&5
configure:7636: $? = 0
configure:7636: ./conftest
configure:7636: $? = 0
configure:7647: result: yes
configure:7660: checking for sys/types.h
configure:7660: gcc -c -g -O2  conftest.c >&5
configure:7660: $? = 0
configure:7660: result: yes
configure:7660: checking for sys/stat.h
configure:7660: gcc -c -g -O2  conftest.c >&5
configure:7660: $? = 0
configure:7660: result: yes
configure:7660: checking for stdlib.h
configure:7660: gcc -c -g -O2  conftest.c >&5
configure:7660: $? = 0
configure:7660: result: yes
configure:7660: checking for string.h
configure:7660: gcc -c -g -O2  conftest.c >&5
configure:7660: $? = 0
configure:7660: result: yes
configure:7660: checking for memory.h
configure:7660: gcc -c -g -O2  conftest.c >&5
configure:7660: $? = 0
configure:7660: result: yes
configure:7660: checking for strings.h
configure:7660: gcc -c -g -O2  conftest.c >&5
configure:7660: $? = 0
configure:7660: result: yes
configure:7660: checking for inttypes.h
configure:7660: gcc -c -g -O2  conftest.c >&5
configure:7660: $? = 0
configure:7660: result: yes
configure:7660: checking for stdint.h
configure:7660: gcc -c -g -O2  conftest.c >&5
configure:7660: $? = 0
configure:7660: result: yes
configure:7660: checking for unistd.h
configure:7660: gcc -c -g -O2  conftest.c >&5
configure:7660: $? = 0
configure:7660: result: yes
configure:7674: checking for dlfcn.h
configure:7674: gcc -c -g -O2  conftest.c >&5
configure:7674: $? = 0
configure:7674: result: yes
configure:7930: checking for objdir
configure:7945: result: .libs
configure:8209: checking if gcc supports -fno-rtti -fno-exceptions
configure:8227: gcc -c -g -O2  -fno-rtti -fno-exceptions conftest.c >&5
cc1: warning: command line option '-fno-rtti' is valid for C++/D/ObjC++ but not for C
configure:8231: $? = 0
configure:8244: result: no
configure:8602: checking for gcc option to produce PIC
configure:8609: result: -fPIC -DPIC
configure:8617: checking if gcc PIC flag -fPIC -DPIC works
configure:8635: gcc -c -g -O2  -fPIC -DPIC -DPIC conftest.c >&5
configure:8639: $? = 0
configure:8652: result: yes
configure:8681: checking if gcc static flag -static works
configure:8709: result: yes
configure:8724: checking if gcc supports -c -o file.o
configure:8745: gcc -c -g -O2  -o out/conftest2.o conftest.c >&5
configure:8749: $? = 0
configure:8771: result: yes
configure:8779: checking if gcc supports -c -o file.o
configure:8826: result: yes
configure:8859: checking whether the gcc linker (/usr/bin/ld -m elf_x86_64) supports shared libraries
configure:10122: result: yes
configure:10159: checking whether -lc should be explicitly linked in
configure:10167: gcc -c -g -O2  conftest.c >&5
configure:10170: $? = 0
configure:10185: gcc -shared  -fPIC -DPIC conftest.o  -v -Wl,-soname -Wl,conftest -o conftest 2\>\&1 \| /usr/bin/grep  -lc  \>/dev/null 2\>\&1
configure:10188: $? = 0
configure:10202: result: no
configure:10362: checking dynamic linker characteristics
configure:10943: gcc -o conftest -g -O2   -Wl,-rpath -Wl,/foo conftest.c  >&5
configure:10943: $? = 0
configure:11192: result: GNU/Linux ld.so
configure:11314: checking how to hardcode library paths into programs
configure:11339: result: immediate
configure:11887: checking whether stripping libraries is possible
configure:11892: result: yes
configure:11927: checking if libtool supports shared libraries
configure:11929: result: yes
configure:11932: checking whether to build shared libraries
configure:11957: result: yes
configure:11960: checking whether to build static libraries
configure:11964: result: yes
configure:8783: checking for gcc option to accept ISO C99
configure:8932: gcc  -c -g -O2  conftest.c >&5
configure:8932: $? = 0
configure:8945: result: none needed
configure:9053: checking for cos in -lm
configure:9078: gcc -o conftest -g -O2   conftest.c -lm   >&5
conftest.c:30:6: warning: conflicting types for built-in function 'cos'; expected 'double(double)' [-Wbuiltin-declaration-mismatch]
   30 | char cos ();
      |      ^~~
conftest.c:1:1: note: 'cos' is declared in header '<math.h>'
    1 | /* confdefs.h */
configure:9078: $? = 0
configure:9087: result: yes
configure:9124: checking for x86 cpuid 0x00000001 output
configure:9163: gcc -o conftest -g -O2   conftest.c  >&5
configure:9163: $? = 0
configure:9163: ./conftest
configure:9163: $? = 0
configure:9173: result: 906e9:100800:7ffafbbf:bfebfbff
configure:9185: checking whether mmx is supported
configure:9197: result: yes
configure:9200: checking whether sse is supported
configure:9212: result: yes
configure:9215: checking whether sse2 is supported
configure:9227: result: yes
configure:9230: checking whether sse3 is supported
configure:9242: result: yes
configure:9245: checking whether ssse3 is supported
configure:9257: result: yes
configure:9264: checking whether C compiler accepts -mmmx
configure:9283: gcc -c -mmmx  conftest.c >&5
configure:9283: $? = 0
configure:9293: result: yes
configure:9307: checking whether C compiler accepts -msse
configure:9326: gcc -c -msse  conftest.c >&5
configure:9326: $? = 0
configure:9336: result: yes
configure:9350: checking whether C compiler accepts -msse2
configure:9369: gcc -c -msse2  conftest.c >&5
configure:9369: $? = 0
configure:9379: result: yes
configure:9393: checking whether C compiler accepts -msse3
configure:9412: gcc -c -msse3  conftest.c >&5
configure:9412: $? = 0
configure:9422: result: yes
configure:9465: checking mm_malloc.h usability
configure:9465: gcc -c -g -O2  conftest.c >&5
configure:9465: $? = 0
configure:9465: result: yes
configure:9465: checking mm_malloc.h presence
configure:9465: gcc -E  conftest.c
configure:9465: $? = 0
configure:9465: result: yes
configure:9465: checking for mm_malloc.h
configure:9465: result: yes
configure:9481: checking for working posix_memalign
configure:9505: gcc -o conftest -g -O2   conftest.c  >&5
configure:9505: $? = 0
configure:9505: ./conftest
configure:9505: $? = 0
configure:9515: result: yes
configure:9679: checking for PAPI_start_counters in -lpapi
configure:9704: gcc -o conftest -g -O2   conftest.c -lpapi   >&5
/usr/bin/ld: cannot find -lpapi
collect2: error: ld returned 1 exit status
configure:9704: $? = 1
configure: failed program was:
| /* confdefs.h */
| #define PACKAGE_NAME "m4ri"
| #define PACKAGE_TARNAME "m4ri"
| #define PACKAGE_VERSION "20200125"
| #define PACKAGE_STRING "m4ri 20200125"
| #define PACKAGE_BUGREPORT ""
| #define PACKAGE_URL ""
| #define PACKAGE "m4ri"
| #define VERSION "20200125"
| #define STDC_HEADERS 1
| #define HAVE_SYS_TYPES_H 1
| #define HAVE_SYS_STAT_H 1
| #define HAVE_STDLIB_H 1
| #define HAVE_STRING_H 1
| #define HAVE_MEMORY_H 1
| #define HAVE_STRINGS_H 1
| #define HAVE_INTTYPES_H 1
| #define HAVE_STDINT_H 1
| #define HAVE_UNISTD_H 1
| #define HAVE_DLFCN_H 1
| #define LT_OBJDIR ".libs/"
| #define HAVE_MMX /**/
| #define HAVE_SSE /**/
| #define HAVE_SSE2 /**/
| #define HAVE_SSE3 /**/
| #define HAVE_SSSE3 /**/
| #define HAVE_MM_MALLOC /**/
| #define HAVE_POSIX_MEMALIGN 1
| #define NDEBUG 1
| /* end confdefs.h.  */
| 
| /* Override any GCC internal prototype to avoid an error.
|    Use char because int might match the return type of a GCC
|    builtin and then its argument prototype would still apply.  */
| #ifdef __cplusplus
| extern "C"
| #endif
| char PAPI_start_counters ();
| int
| main ()
| {
| return PAPI_start_counters ();
|   ;
|   return 0;
| }
configure:9713: result: no
configure:9883: checking for x86 cpuid 0x0 output
configure:9922: gcc -o conftest -g -O2   conftest.c  >&5
configure:9922: $? = 0
configure:9922: ./conftest
configure:9922: $? = 0
configure:9932: result: 16:756e6547:6c65746e:49656e69
configure:9942: checking for the processor vendor
configure:9981: result: Intel
configure:9998: checking for x86 cpuid 0x0 output
configure:10047: result: 16:756e6547:6c65746e:49656e69
configure:10057: checking for the processor vendor
configure:10096: result: Intel
configure:10433: checking the L1 cache size
configure:10437: result: 32768 Bytes
configure:10440: checking the L2 cache size
configure:10444: result: 262144 Bytes
configure:10447: checking the L3 cache size
configure:10451: result: 6291456 Bytes
configure:10712: checking whether to build with PNG support
configure:10714: result: yes
configure:10772: checking for pkg-config
configure:10790: found /usr/bin/pkg-config
configure:10802: result: /usr/bin/pkg-config
configure:10827: checking pkg-config is at least version 0.9.0
configure:10830: result: yes
configure:10840: checking for PNG
configure:10847: $PKG_CONFIG --exists --print-errors "libpng"
Package libpng was not found in the pkg-config search path.
Perhaps you should add the directory containing `libpng.pc'
to the PKG_CONFIG_PATH environment variable
No package 'libpng' found
configure:10850: $? = 1
configure:10864: $PKG_CONFIG --exists --print-errors "libpng"
Package libpng was not found in the pkg-config search path.
Perhaps you should add the directory containing `libpng.pc'
to the PKG_CONFIG_PATH environment variable
No package 'libpng' found
configure:10867: $? = 1
configure:10881: result: no
No package 'libpng' found
configure:10912: checking for png_create_write_struct in -lpng
configure:10937: gcc -o conftest -g -O2   conftest.c -lpng   >&5
/usr/bin/ld: cannot find -lpng
collect2: error: ld returned 1 exit status
configure:10937: $? = 1
configure: failed program was:
| /* confdefs.h */
| #define PACKAGE_NAME "m4ri"
| #define PACKAGE_TARNAME "m4ri"
| #define PACKAGE_VERSION "20200125"
| #define PACKAGE_STRING "m4ri 20200125"
| #define PACKAGE_BUGREPORT ""
| #define PACKAGE_URL ""
| #define PACKAGE "m4ri"
| #define VERSION "20200125"
| #define STDC_HEADERS 1
| #define HAVE_SYS_TYPES_H 1
| #define HAVE_SYS_STAT_H 1
| #define HAVE_STDLIB_H 1
| #define HAVE_STRING_H 1
| #define HAVE_MEMORY_H 1
| #define HAVE_STRINGS_H 1
| #define HAVE_INTTYPES_H 1
| #define HAVE_STDINT_H 1
| #define HAVE_UNISTD_H 1
| #define HAVE_DLFCN_H 1
| #define LT_OBJDIR ".libs/"
| #define HAVE_MMX /**/
| #define HAVE_SSE /**/
| #define HAVE_SSE2 /**/
| #define HAVE_SSE3 /**/
| #define HAVE_SSSE3 /**/
| #define HAVE_MM_MALLOC /**/
| #define HAVE_POSIX_MEMALIGN 1
| #define NDEBUG 1
| /* end confdefs.h.  */
| 
| /* Override any GCC internal prototype to avoid an error.
|    Use char because int might match the return type of a GCC
|    builtin and then its argument prototype would still apply.  */
| #ifdef __cplusplus
| extern "C"
| #endif
| char png_create_write_struct ();
| int
| main ()
| {
| return png_create_write_struct ();
|   ;
|   return 0;
| }
configure:10946: result: no
configure:10951: checking for png_create_write_struct in -lpng14
configure:10976: gcc -o conftest -g -O2   conftest.c -lpng14   >&5
/usr/bin/ld: cannot find -lpng14
collect2: error: ld returned 1 exit status
configure:10976: $? = 1
configure: failed program was:
| /* confdefs.h */
| #define PACKAGE_NAME "m4ri"
| #define PACKAGE_TARNAME "m4ri"
| #define PACKAGE_VERSION "20200125"
| #define PACKAGE_STRING "m4ri 20200125"
| #define PACKAGE_BUGREPORT ""
| #define PACKAGE_URL ""
| #define PACKAGE "m4ri"
| #define VERSION "20200125"
| #define STDC_HEADERS 1
| #define HAVE_SYS_TYPES_H 1
| #define HAVE_SYS_STAT_H 1
| #define HAVE_STDLIB_H 1
| #define HAVE_STRING_H 1
| #define HAVE_MEMORY_H 1
| #define HAVE_STRINGS_H 1
| #define HAVE_INTTYPES_H 1
| #define HAVE_STDINT_H 1
| #define HAVE_UNISTD_H 1
| #define HAVE_DLFCN_H 1
| #define LT_OBJDIR ".libs/"
| #define HAVE_MMX /**/
| #define HAVE_SSE /**/
| #define HAVE_SSE2 /**/
| #define HAVE_SSE3 /**/
| #define HAVE_SSSE3 /**/
| #define HAVE_MM_MALLOC /**/
| #define HAVE_POSIX_MEMALIGN 1
| #define NDEBUG 1
| /* end confdefs.h.  */
| 
| /* Override any GCC internal prototype to avoid an error.
|    Use char because int might match the return type of a GCC
|    builtin and then its argument prototype would still apply.  */
| #ifdef __cplusplus
| extern "C"
| #endif
| char png_create_write_struct ();
| int
| main ()
| {
| return png_create_write_struct ();
|   ;
|   return 0;
| }
configure:10985: result: no
configure:10990: checking for png_create_write_struct in -lpng12
configure:11015: gcc -o conftest -g -O2   conftest.c -lpng12   >&5
/usr/bin/ld: cannot find -lpng12
collect2: error: ld returned 1 exit status
configure:11015: $? = 1
configure: failed program was:
| /* confdefs.h */
| #define PACKAGE_NAME "m4ri"
| #define PACKAGE_TARNAME "m4ri"
| #define PACKAGE_VERSION "20200125"
| #define PACKAGE_STRING "m4ri 20200125"
| #define PACKAGE_BUGREPORT ""
| #define PACKAGE_URL ""
| #define PACKAGE "m4ri"
| #define VERSION "20200125"
| #define STDC_HEADERS 1
| #define HAVE_SYS_TYPES_H 1
| #define HAVE_SYS_STAT_H 1
| #define HAVE_STDLIB_H 1
| #define HAVE_STRING_H 1
| #define HAVE_MEMORY_H 1
| #define HAVE_STRINGS_H 1
| #define HAVE_INTTYPES_H 1
| #define HAVE_STDINT_H 1
| #define HAVE_UNISTD_H 1
| #define HAVE_DLFCN_H 1
| #define LT_OBJDIR ".libs/"
| #define HAVE_MMX /**/
| #define HAVE_SSE /**/
| #define HAVE_SSE2 /**/
| #define HAVE_SSE3 /**/
| #define HAVE_SSSE3 /**/
| #define HAVE_MM_MALLOC /**/
| #define HAVE_POSIX_MEMALIGN 1
| #define NDEBUG 1
| /* end confdefs.h.  */
| 
| /* Override any GCC internal prototype to avoid an error.
|    Use char because int might match the return type of a GCC
|    builtin and then its argument prototype would still apply.  */
| #ifdef __cplusplus
| extern "C"
| #endif
| char png_create_write_struct ();
| int
| main ()
| {
| return png_create_write_struct ();
|   ;
|   return 0;
| }
configure:11024: result: no
configure:11029: checking for png_create_write_struct in -lpng10
configure:11054: gcc -o conftest -g -O2   conftest.c -lpng10   >&5
/usr/bin/ld: cannot find -lpng10
collect2: error: ld returned 1 exit status
configure:11054: $? = 1
configure: failed program was:
| /* confdefs.h */
| #define PACKAGE_NAME "m4ri"
| #define PACKAGE_TARNAME "m4ri"
| #define PACKAGE_VERSION "20200125"
| #define PACKAGE_STRING "m4ri 20200125"
| #define PACKAGE_BUGREPORT ""
| #define PACKAGE_URL ""
| #define PACKAGE "m4ri"
| #define VERSION "20200125"
| #define STDC_HEADERS 1
| #define HAVE_SYS_TYPES_H 1
| #define HAVE_SYS_STAT_H 1
| #define HAVE_STDLIB_H 1
| #define HAVE_STRING_H 1
| #define HAVE_MEMORY_H 1
| #define HAVE_STRINGS_H 1
| #define HAVE_INTTYPES_H 1
| #define HAVE_STDINT_H 1
| #define HAVE_UNISTD_H 1
| #define HAVE_DLFCN_H 1
| #define LT_OBJDIR ".libs/"
| #define HAVE_MMX /**/
| #define HAVE_SSE /**/
| #define HAVE_SSE2 /**/
| #define HAVE_SSE3 /**/
| #define HAVE_SSSE3 /**/
| #define HAVE_MM_MALLOC /**/
| #define HAVE_POSIX_MEMALIGN 1
| #define NDEBUG 1
| /* end confdefs.h.  */
| 
| /* Override any GCC internal prototype to avoid an error.
|    Use char because int might match the return type of a GCC
|    builtin and then its argument prototype would still apply.  */
| #ifdef __cplusplus
| extern "C"
| #endif
| char png_create_write_struct ();
| int
| main ()
| {
| return png_create_write_struct ();
|   ;
|   return 0;
| }
configure:11063: result: no
configure:11083: WARNING: Can not find a usuable PNG library. Make sure that CPPFLAGS and LDFLAGS are correctly set.
configure:11107: checking whether make sets $(MAKE)
configure:11129: result: yes
configure:11242: checking that generated files are newer than configure
configure:11248: result: done
configure:11275: creating ./config.status

## ---------------------- ##
## Running config.status. ##
## ---------------------- ##

This file was extended by m4ri config.status 20200125, which was
generated by GNU Autoconf 2.69.  Invocation command line was

  CONFIG_FILES    = 
  CONFIG_HEADERS  = 
  CONFIG_LINKS    = 
  CONFIG_COMMANDS = 
  $ ./config.status 

on kalind-erts

config.status:1130: creating Makefile
config.status:1130: creating tests/Makefile
config.status:1130: creating bench/Makefile
config.status:1130: creating m4ri/m4ri_config.h
config.status:1130: creating m4ri.pc
config.status:1130: creating m4ri/config.h
config.status:1359: executing depfiles commands
config.status:1436: cd .       && sed -e '/# am--include-marker/d' Makefile         | make -f - am--depfiles
config.status:1441: $? = 0
config.status:1436: cd tests       && sed -e '/# am--include-marker/d' Makefile         | make -f - am--depfiles
config.status:1441: $? = 0
config.status:1436: cd bench       && sed -e '/# am--include-marker/d' Makefile         | make -f - am--depfiles
config.status:1441: $? = 0
config.status:1359: executing libtool commands

## ---------------- ##
## Cache variables. ##
## ---------------- ##

ac_cv_build=x86_64-pc-linux-gnu
ac_cv_c_compiler_gnu=yes
ac_cv_env_CC_set=
ac_cv_env_CC_value=
ac_cv_env_CFLAGS_set=
ac_cv_env_CFLAGS_value=
ac_cv_env_CPPFLAGS_set=
ac_cv_env_CPPFLAGS_value=
ac_cv_env_CPP_set=
ac_cv_env_CPP_value=
ac_cv_env_LDFLAGS_set=
ac_cv_env_LDFLAGS_value=
ac_cv_env_LIBS_set=
ac_cv_env_LIBS_value=
ac_cv_env_LT_SYS_LIBRARY_PATH_set=
ac_cv_env_LT_SYS_LIBRARY_PATH_value=
ac_cv_env_PKG_CONFIG_LIBDIR_set=
ac_cv_env_PKG_CONFIG_LIBDIR_value=
ac_cv_env_PKG_CONFIG_PATH_set=
ac_cv_env_PKG_CONFIG_PATH_value=
ac_cv_env_PKG_CONFIG_set=
ac_cv_env_PKG_CONFIG_value=
ac_cv_env_PNG_CFLAGS_set=
ac_cv_env_PNG_CFLAGS_value=
ac_cv_env_PNG_LIBS_set=
ac_cv_env_PNG_LIBS_value=
ac_cv_env_build_alias_set=
ac_cv_env_build_alias_value=
ac_cv_env_host_alias_set=
ac_cv_env_host_alias_value=
ac_cv_env_target_alias_set=
ac_cv_env_target_alias_value=
ac_cv_header_dlfcn_h=yes
ac_cv_header_inttypes_h=yes
ac_cv_header_memory_h=yes
ac_cv_header_mm_malloc_h=yes
ac_cv_header_stdc=yes
ac_cv_header_stdint_h=yes
ac_cv_header_stdlib_h=yes
ac_cv_header_string_h=yes
ac_cv_header_strings_h=yes
ac_cv_header_sys_stat_h=yes
ac_cv_header_sys_types_h=yes
ac_cv_header_unistd_h=yes
ac_cv_host=x86_64-pc-linux-gnu
ac_cv_lib_m_cos=yes
ac_cv_lib_papi_PAPI_start_counters=no
ac_cv_lib_png10_png_create_write_struct=no
ac_cv_lib_png12_png_create_write_struct=no
ac_cv_lib_png14_png_create_write_struct=no
ac_cv_lib_png_png_create_write_struct=no
ac_cv_objext=o
ac_cv_path_EGREP='/usr/bin/grep -E'
ac_cv_path_FGREP='/usr/bin/grep -F'
ac_cv_path_GREP=/usr/bin/grep
ac_cv_path_SED=/usr/bin/sed
ac_cv_path_ac_pt_PKG_CONFIG=/usr/bin/pkg-config
ac_cv_path_install='/usr/bin/install -c'
ac_cv_path_lt_DD=/usr/bin/dd
ac_cv_path_mkdir=/usr/bin/mkdir
ac_cv_prog_AWK=mawk
ac_cv_prog_CPP='gcc -E'
ac_cv_prog_ac_ct_AR=ar
ac_cv_prog_ac_ct_CC=gcc
ac_cv_prog_ac_ct_MANIFEST_TOOL=mt
ac_cv_prog_ac_ct_OBJDUMP=objdump
ac_cv_prog_ac_ct_RANLIB=ranlib
ac_cv_prog_ac_ct_STRIP=strip
ac_cv_prog_cc_c89=
ac_cv_prog_cc_c99=
ac_cv_prog_cc_g=yes
ac_cv_prog_make_make_set=yes
am_cv_CC_dependencies_compiler_type=gcc3
am_cv_make_support_nested_variables=yes
am_cv_prog_cc_c_o=yes
ax_cv_c_flags__mmmx=yes
ax_cv_c_flags__msse2=yes
ax_cv_c_flags__msse3=yes
ax_cv_c_flags__msse=yes
ax_cv_cpu_vendor=Intel
ax_cv_func_posix_memalign_works=yes
ax_cv_gcc_x86_cpuid_0x00000001=906e9:100800:7ffafbbf:bfebfbff
ax_cv_gcc_x86_cpuid_0x0=16:756e6547:6c65746e:49656e69
ax_cv_have_mmx_ext=yes
ax_cv_have_sse2_ext=yes
ax_cv_have_sse3_ext=yes
ax_cv_have_sse_ext=yes
ax_cv_have_ssse3_ext=yes
lt_cv_ar_at_file=@
lt_cv_archive_cmds_need_lc=no
lt_cv_deplibs_check_method=pass_all
lt_cv_file_magic_cmd='$MAGIC_CMD'
lt_cv_file_magic_test_file=
lt_cv_ld_reload_flag=-r
lt_cv_nm_interface='BSD nm'
lt_cv_objdir=.libs
lt_cv_path_LD=/usr/bin/ld
lt_cv_path_NM='/usr/bin/nm -B'
lt_cv_path_mainfest_tool=no
lt_cv_prog_compiler_c_o=yes
lt_cv_prog_compiler_pic='-fPIC -DPIC'
lt_cv_prog_compiler_pic_works=yes
lt_cv_prog_compiler_rtti_exceptions=no
lt_cv_prog_compiler_static_works=yes
lt_cv_prog_gnu_ld=yes
lt_cv_sharedlib_from_linklib_cmd='printf %s\n'
lt_cv_shlibpath_overrides_runpath=yes
lt_cv_sys_global_symbol_pipe='sed -n -e '\''s/^.*[	 ]\([ABCDGIRSTW][ABCDGIRSTW]*\)[	 ][	 ]*\([_A-Za-z][_A-Za-z0-9]*\)$/\1 \2 \2/p'\'' | sed '\''/ __gnu_lto/d'\'''
lt_cv_sys_global_symbol_to_c_name_address='sed -n -e '\''s/^: \(.*\) .*$/  {"\1", (void *) 0},/p'\'' -e '\''s/^[ABCDGIRSTW][ABCDGIRSTW]* .* \(.*\)$/  {"\1", (void *) \&\1},/p'\'''
lt_cv_sys_global_symbol_to_c_name_address_lib_prefix='sed -n -e '\''s/^: \(.*\) .*$/  {"\1", (void *) 0},/p'\'' -e '\''s/^[ABCDGIRSTW][ABCDGIRSTW]* .* \(lib.*\)$/  {"\1", (void *) \&\1},/p'\'' -e '\''s/^[ABCDGIRSTW][ABCDGIRSTW]* .* \(.*\)$/  {"lib\1", (void *) \&\1},/p'\'''
lt_cv_sys_global_symbol_to_cdecl='sed -n -e '\''s/^T .* \(.*\)$/extern int \1();/p'\'' -e '\''s/^[ABCDGIRSTW][ABCDGIRSTW]* .* \(.*\)$/extern char \1;/p'\'''
lt_cv_sys_global_symbol_to_import=
lt_cv_sys_max_cmd_len=1572864
lt_cv_to_host_file_cmd=func_convert_file_noop
lt_cv_to_tool_file_cmd=func_convert_file_noop
lt_cv_truncate_bin='/usr/bin/dd bs=4096 count=1'

## ----------------- ##
## Output variables. ##
## ----------------- ##

ACLOCAL='${SHELL} /home/kalind/Documents/GitHub/CS773_Comp_Arch_Perf_Sec/course_content/project/sc2020-main-solvers/cryptominisat-ccnr/m4ri-20200125/missing aclocal-1.16'
AMDEPBACKSLASH='\'
AMDEP_FALSE='#'
AMDEP_TRUE=''
AMTAR='$${TAR-tar}'
AM_BACKSLASH='\'
AM_DEFAULT_V='$(AM_DEFAULT_VERBOSITY)'
AM_DEFAULT_VERBOSITY='1'
AM_V='$(V)'
AR='ar'
AUTOCONF='${SHELL} /home/kalind/Documents/GitHub/CS773_Comp_Arch_Perf_Sec/course_content/project/sc2020-main-solvers/cryptominisat-ccnr/m4ri-20200125/missing autoconf'
AUTOHEADER='${SHELL} /home/kalind/Documents/GitHub/CS773_Comp_Arch_Perf_Sec/course_content/project/sc2020-main-solvers/cryptominisat-ccnr/m4ri-20200125/missing autoheader'
AUTOMAKE='${SHELL} /home/kalind/Documents/GitHub/CS773_Comp_Arch_Perf_Sec/course_content/project/sc2020-main-solvers/cryptominisat-ccnr/m4ri-20200125/missing automake-1.16'
AWK='mawk'
CC='gcc'
CCDEPMODE='depmode=gcc3'
CFLAGS='-g -O2'
CPP='gcc -E'
CPPFLAGS=''
CYGPATH_W='echo'
DEBUG_FLAGS=''
DEFS='-DHAVE_CONFIG_H'
DEPDIR='.deps'
DLLTOOL='false'
DSYMUTIL=''
DUMPBIN=''
ECHO_C=''
ECHO_N='-n'
ECHO_T=''
EGREP='/usr/bin/grep -E'
EXEEXT=''
FGREP='/usr/bin/grep -F'
GREP='/usr/bin/grep'
INSTALL_DATA='${INSTALL} -m 644'
INSTALL_PROGRAM='${INSTALL}'
INSTALL_SCRIPT='${INSTALL}'
INSTALL_STRIP_PROGRAM='$(install_sh) -c -s'
LD='/usr/bin/ld -m elf_x86_64'
LDFLAGS=''
LIBM='-lm'
LIBOBJS=''
LIBPNG_LIBADD=''
LIBS=''
LIBTOOL='$(SHELL) $(top_builddir)/libtool'
LIPO=''
LN_S='ln -s'
LTLIBOBJS=''
LT_SYS_LIBRARY_PATH=''
M4RI_CPU_L1_CACHE='32768'
M4RI_CPU_L2_CACHE='262144'
M4RI_CPU_L3_CACHE='6291456'
M4RI_DEBUG_DUMP='0'
M4RI_DEBUG_MZD='0'
M4RI_ENABLE_MMC='1'
M4RI_ENABLE_MZD_CACHE='1'
M4RI_HAVE_LIBPNG='0'
M4RI_HAVE_MM_MALLOC='1'
M4RI_HAVE_OPENMP='0'
M4RI_HAVE_POSIX_MEMALIGN='1'
M4RI_HAVE_SSE2='1'
M4RI_USE_PNG_PC=''
MAINT='#'
MAINTAINER_MODE_FALSE=''
MAINTAINER_MODE_TRUE='#'
MAKEINFO='${SHELL} /home/kalind/Documents/GitHub/CS773_Comp_Arch_Perf_Sec/course_content/project/sc2020-main-solvers/cryptominisat-ccnr/m4ri-20200125/missing makeinfo'
MANIFEST_TOOL=':'
MKDIR_P='/usr/bin/mkdir -p'
NM='/usr/bin/nm -B'
NMEDIT=''
OBJDUMP='objdump'
OBJEXT='o'
OPENMP_CFLAGS=''
OTOOL64=''
OTOOL=''
PACKAGE='m4ri'
PACKAGE_BUGREPORT=''
PACKAGE_NAME='m4ri'
PACKAGE_STRING='m4ri 20200125'
PACKAGE_TARNAME='m4ri'
PACKAGE_URL=''
PACKAGE_VERSION='20200125'
PAPI_CFLAGS=''
PAPI_LDFLAGS=''
PAPI_LIBS=''
PATH_SEPARATOR=':'
PKG_CONFIG='/usr/bin/pkg-config'
PKG_CONFIG_LIBDIR=''
PKG_CONFIG_PATH=''
PNG_CFLAGS=''
PNG_LIBS=''
RANLIB='ranlib'
RAW_LIBPNG=''
RELEASE='20200125'
SED='/usr/bin/sed'
SET_MAKE=''
SHELL='/bin/bash'
SIMD_CFLAGS=' -mmmx -msse -msse2 -msse3'
STRIP='strip'
VERSION='20200125'
ac_ct_AR='ar'
ac_ct_CC='gcc'
ac_ct_DUMPBIN=''
am__EXEEXT_FALSE=''
am__EXEEXT_TRUE='#'
am__fastdepCC_FALSE='#'
am__fastdepCC_TRUE=''
am__include='include'
am__isrc=''
am__leading_dot='.'
am__nodep='_no'
am__quote=''
am__tar='$${TAR-tar} chof - "$$tardir"'
am__untar='$${TAR-tar} xf -'
bindir='${exec_prefix}/bin'
build='x86_64-pc-linux-gnu'
build_alias=''
build_cpu='x86_64'
build_os='linux-gnu'
build_vendor='pc'
datadir='${datarootdir}'
datarootdir='${prefix}/share'
docdir='${datarootdir}/doc/${PACKAGE_TARNAME}'
dvidir='${docdir}'
exec_prefix='${prefix}'
host='x86_64-pc-linux-gnu'
host_alias=''
host_cpu='x86_64'
host_os='linux-gnu'
host_vendor='pc'
htmldir='${docdir}'
includedir='${prefix}/include'
infodir='${datarootdir}/info'
install_sh='${SHELL} /home/kalind/Documents/GitHub/CS773_Comp_Arch_Perf_Sec/course_content/project/sc2020-main-solvers/cryptominisat-ccnr/m4ri-20200125/install-sh'
libdir='${exec_prefix}/lib'
libexecdir='${exec_prefix}/libexec'
localedir='${datarootdir}/locale'
localstatedir='${prefix}/var'
mandir='${datarootdir}/man'
mkdir_p='$(MKDIR_P)'
oldincludedir='/usr/include'
pdfdir='${docdir}'
prefix='/home/kalind/Documents/GitHub/CS773_Comp_Arch_Perf_Sec/course_content/project/sc2020-main-solvers/cryptominisat-ccnr/m4ri-20200125/myinstall'
program_transform_name='s,x,x,'
psdir='${docdir}'
runstatedir='${localstatedir}/run'
sbindir='${exec_prefix}/sbin'
sharedstatedir='${prefix}/com'
sysconfdir='${prefix}/etc'
target_alias=''

## ----------- ##
## confdefs.h. ##
## ----------- ##

/* confdefs.h */
#define PACKAGE_NAME "m4ri"
#define PACKAGE_TARNAME "m4ri"
#define PACKAGE_VERSION "20200125"
#define PACKAGE_STRING "m4ri 20200125"
#define PACKAGE_BUGREPORT ""
#define PACKAGE_URL ""
#define PACKAGE "m4ri"
#define VERSION "20200125"
#define STDC_HEADERS 1
#define HAVE_SYS_TYPES_H 1
#define HAVE_SYS_STAT_H 1
#define HAVE_STDLIB_H 1
#define HAVE_STRING_H 1
#define HAVE_MEMORY_H 1
#define HAVE_STRINGS_H 1
#define HAVE_INTTYPES_H 1
#define HAVE_STDINT_H 1
#define HAVE_UNISTD_H 1
#define HAVE_DLFCN_H 1
#define LT_OBJDIR ".libs/"
#define HAVE_MMX /**/
#define HAVE_SSE /**/
#define HAVE_SSE2 /**/
#define HAVE_SSE3 /**/
#define HAVE_SSSE3 /**/
#define HAVE_MM_MALLOC /**/
#define HAVE_POSIX_MEMALIGN 1
#define NDEBUG 1
#define M4RI_BUILDING_M4RI 1

configure: exit 0
